[2016-12-02 03:02:40] DEBUG [django.db.backends:90] (0.002) 
            SELECT name, type FROM sqlite_master
            WHERE type in ('table', 'view') AND NOT name='sqlite_sequence'
            ORDER BY name; args=None
[2016-12-02 03:02:40] DEBUG [django.db.backends:90] (0.000) SELECT "django_migrations"."app", "django_migrations"."name" FROM "django_migrations"; args=()
[2016-12-02 03:03:46] DEBUG [django.db.backends:90] (0.001) SELECT "django_session"."session_key", "django_session"."session_data", "django_session"."expire_date" FROM "django_session" WHERE ("django_session"."expire_date" > '2016-12-02 03:03:46.622977' AND "django_session"."session_key" = '0gbqkbmpu6unkuir10avp1mc5ftnz1zr'); args=('2016-12-02 03:03:46.622977', '0gbqkbmpu6unkuir10avp1mc5ftnz1zr')
[2016-12-02 03:03:46] DEBUG [django.db.backends:90] (0.000) SELECT "auths_user"."password", "auths_user"."last_login", "auths_user"."is_superuser", "auths_user"."username", "auths_user"."first_name", "auths_user"."last_name", "auths_user"."email", "auths_user"."is_staff", "auths_user"."is_active", "auths_user"."date_joined", "auths_user"."id", "auths_user"."last_hierarchy_id", "auths_user"."last_module_id", "auths_user"."person_id", "auths_user"."updated_at", "auths_user"."registered_by" FROM "auths_user" WHERE "auths_user"."id" = '01e659bc77a5436f9fc859d23a77e6aa'; args=('01e659bc77a5436f9fc859d23a77e6aa',)
[2016-12-02 03:03:46] DEBUG [django.db.backends:90] (0.001) SELECT "django_session"."session_key", "django_session"."session_data", "django_session"."expire_date" FROM "django_session" WHERE ("django_session"."expire_date" > '2016-12-02 03:03:46.840118' AND "django_session"."session_key" = '0gbqkbmpu6unkuir10avp1mc5ftnz1zr'); args=('2016-12-02 03:03:46.840118', '0gbqkbmpu6unkuir10avp1mc5ftnz1zr')
[2016-12-02 03:03:46] DEBUG [django.db.backends:90] (0.000) SELECT "auths_user"."password", "auths_user"."last_login", "auths_user"."is_superuser", "auths_user"."username", "auths_user"."first_name", "auths_user"."last_name", "auths_user"."email", "auths_user"."is_staff", "auths_user"."is_active", "auths_user"."date_joined", "auths_user"."id", "auths_user"."last_hierarchy_id", "auths_user"."last_module_id", "auths_user"."person_id", "auths_user"."updated_at", "auths_user"."registered_by" FROM "auths_user" WHERE "auths_user"."id" = '01e659bc77a5436f9fc859d23a77e6aa'; args=('01e659bc77a5436f9fc859d23a77e6aa',)
[2016-12-02 03:03:46] DEBUG [django.template:929] Exception while resolving variable 'is_popup' in template 'admin/index.html'.
Traceback (most recent call last):
  File "/home/eleuterio/.virtualenvs/medicfastv2/lib/python3.5/site-packages/django/template/base.py", line 885, in _resolve_lookup
    current = current[bit]
  File "/home/eleuterio/.virtualenvs/medicfastv2/lib/python3.5/site-packages/django/template/context.py", line 75, in __getitem__
    raise KeyError(key)
KeyError: 'is_popup'

During handling of the above exception, another exception occurred:

Traceback (most recent call last):
  File "/home/eleuterio/.virtualenvs/medicfastv2/lib/python3.5/site-packages/django/template/base.py", line 891, in _resolve_lookup
    if isinstance(current, BaseContext) and getattr(type(current), bit):
AttributeError: type object 'RequestContext' has no attribute 'is_popup'

During handling of the above exception, another exception occurred:

Traceback (most recent call last):
  File "/home/eleuterio/.virtualenvs/medicfastv2/lib/python3.5/site-packages/django/template/base.py", line 900, in _resolve_lookup
    current = current[int(bit)]
ValueError: invalid literal for int() with base 10: 'is_popup'

During handling of the above exception, another exception occurred:

Traceback (most recent call last):
  File "/home/eleuterio/.virtualenvs/medicfastv2/lib/python3.5/site-packages/django/template/base.py", line 907, in _resolve_lookup
    (bit, current))  # missing attribute
django.template.base.VariableDoesNotExist: Failed lookup for key [is_popup] in "[{'None': None, 'False': False, 'True': True}, {'DEFAULT_MESSAGE_LEVELS': {'WARNING': 30, 'ERROR': 40, 'INFO': 20, 'DEBUG': 10, 'SUCCESS': 25}, 'user': <SimpleLazyObject: <User: admin>>, 'csrf_token': <SimpleLazyObject: <function csrf.<locals>._get_val at 0x7f1b9a0da730>>, 'request': <WSGIRequest: GET '/admin/'>, 'messages': <django.contrib.messages.storage.fallback.FallbackStorage object at 0x7f1b9ac26898>, 'perms': <django.contrib.auth.context_processors.PermWrapper object at 0x7f1b9a0ceac8>}, {}, {'LANGUAGE_CODE': 'es', 'site_url': '/', 'title': <django.utils.functional.lazy.<locals>.__proxy__ object at 0x7f1ba12327b8>, 'has_permission': True, 'site_header': <django.utils.functional.lazy.<locals>.__proxy__ object at 0x7f1ba1215128>, 'LANGUAGE_BIDI': False, 'site_title': <django.utils.functional.lazy.<locals>.__proxy__ object at 0x7f1ba1215080>, 'available_apps': [{'has_module_perms': True, 'models': [{'object_name': 'Group', 'perms': {'delete': True, 'add': True, 'change': True}, 'admin_url': '/admin/auth/group/', 'add_url': '/admin/auth/group/add/', 'name': <django.utils.functional.lazy.<locals>.__proxy__ object at 0x7f1b9a12b588>}, {'object_name': 'Permission', 'perms': {'delete': True, 'add': True, 'change': True}, 'admin_url': '/admin/auth/permission/', 'add_url': '/admin/auth/permission/add/', 'name': <django.utils.functional.lazy.<locals>.__proxy__ object at 0x7f1b9a12b860>}], 'app_url': '/admin/auth/', 'app_label': 'auth', 'name': <django.utils.functional.lazy.<locals>.__proxy__ object at 0x7f1ba1281f98>}, {'has_module_perms': True, 'models': [{'object_name': 'HierarchyType', 'perms': {'delete': True, 'add': True, 'change': True}, 'admin_url': '/admin/auths/hierarchytype/', 'add_url': '/admin/auths/hierarchytype/add/', 'name': <django.utils.functional.lazy.<locals>.__proxy__ object at 0x7f1b9a12b518>}, {'object_name': 'Hierarchy', 'perms': {'delete': True, 'add': True, 'change': True}, 'admin_url': '/admin/auths/hierarchy/', 'add_url': '/admin/auths/hierarchy/add/', 'name': <django.utils.functional.lazy.<locals>.__proxy__ object at 0x7f1b9a1db9e8>}, {'object_name': 'Menu', 'perms': {'delete': True, 'add': True, 'change': True}, 'admin_url': '/admin/auths/menu/', 'add_url': '/admin/auths/menu/add/', 'name': <django.utils.functional.lazy.<locals>.__proxy__ object at 0x7f1b9a12bcf8>}, {'object_name': 'Person', 'perms': {'delete': True, 'add': True, 'change': True}, 'admin_url': '/admin/auths/person/', 'add_url': '/admin/auths/person/add/', 'name': <django.utils.functional.lazy.<locals>.__proxy__ object at 0x7f1b9a12b1d0>}, {'object_name': 'UserHierarchyGroup', 'perms': {'delete': True, 'add': True, 'change': True}, 'admin_url': '/admin/auths/userhierarchygroup/', 'add_url': '/admin/auths/userhierarchygroup/add/', 'name': <django.utils.functional.lazy.<locals>.__proxy__ object at 0x7f1b9a12b8d0>}, {'object_name': 'UserHierarchyPermission', 'perms': {'delete': True, 'add': True, 'change': True}, 'admin_url': '/admin/auths/userhierarchypermission/', 'add_url': '/admin/auths/userhierarchypermission/add/', 'name': <django.utils.functional.lazy.<locals>.__proxy__ object at 0x7f1b9a12b320>}, {'object_name': 'User', 'perms': {'delete': True, 'add': True, 'change': True}, 'admin_url': '/admin/auths/user/', 'add_url': '/admin/auths/user/add/', 'name': <django.utils.functional.lazy.<locals>.__proxy__ object at 0x7f1b9a12bcc0>}], 'app_url': '/admin/auths/', 'app_label': 'auths', 'name': 'Auths'}, {'has_module_perms': True, 'models': [{'object_name': 'AccessToken', 'perms': {'delete': True, 'add': True, 'change': True}, 'admin_url': '/admin/oauth2_provider/accesstoken/', 'add_url': '/admin/oauth2_provider/accesstoken/add/', 'name': <django.utils.functional.lazy.<locals>.__proxy__ object at 0x7f1b9a12bc50>}, {'object_name': 'Application', 'perms': {'delete': True, 'add': True, 'change': True}, 'admin_url': '/admin/oauth2_provider/application/', 'add_url': '/admin/oauth2_provider/application/add/', 'name': <django.utils.functional.lazy.<locals>.__proxy__ object at 0x7f1b9a12b6a0>}, {'object_name': 'Grant', 'perms': {'delete': True, 'add': True, 'change': True}, 'admin_url': '/admin/oauth2_provider/grant/', 'add_url': '/admin/oauth2_provider/grant/add/', 'name': <django.utils.functional.lazy.<locals>.__proxy__ object at 0x7f1b9a12b5f8>}, {'object_name': 'RefreshToken', 'perms': {'delete': True, 'add': True, 'change': True}, 'admin_url': '/admin/oauth2_provider/refreshtoken/', 'add_url': '/admin/oauth2_provider/refreshtoken/add/', 'name': <django.utils.functional.lazy.<locals>.__proxy__ object at 0x7f1b9a12b2b0>}], 'app_url': '/admin/oauth2_provider/', 'app_label': 'oauth2_provider', 'name': 'Django OAuth Toolkit'}, {'has_module_perms': True, 'models': [{'object_name': 'ContentType', 'perms': {'delete': True, 'add': True, 'change': True}, 'admin_url': '/admin/contenttypes/contenttype/', 'add_url': '/admin/contenttypes/contenttype/add/', 'name': <django.utils.functional.lazy.<locals>.__proxy__ object at 0x7f1b9a12b198>}], 'app_url': '/admin/contenttypes/', 'app_label': 'contenttypes', 'name': <django.utils.functional.lazy.<locals>.__proxy__ object at 0x7f1ba11a7d68>}, {'has_module_perms': True, 'models': [{'object_name': 'Antecedentemedico', 'perms': {'delete': True, 'add': True, 'change': True}, 'admin_url': '/admin/topico2/antecedentemedico/', 'add_url': '/admin/topico2/antecedentemedico/add/', 'name': 'Antecedentemedicos'}, {'object_name': 'Consulta', 'perms': {'delete': True, 'add': True, 'change': True}, 'admin_url': '/admin/topico2/consulta/', 'add_url': '/admin/topico2/consulta/add/', 'name': 'Consultas'}, {'object_name': 'Departamento', 'perms': {'delete': True, 'add': True, 'change': True}, 'admin_url': '/admin/topico2/departamento/', 'add_url': '/admin/topico2/departamento/add/', 'name': 'Departamentos'}, {'object_name': 'Derivacion', 'perms': {'delete': True, 'add': True, 'change': True}, 'admin_url': '/admin/topico2/derivacion/', 'add_url': '/admin/topico2/derivacion/add/', 'name': 'Derivacions'}, {'object_name': 'Diagnostico', 'perms': {'delete': True, 'add': True, 'change': True}, 'admin_url': '/admin/topico2/diagnostico/', 'add_url': '/admin/topico2/diagnostico/add/', 'name': 'Diagnosticos'}, {'object_name': 'EspecificacionReceta', 'perms': {'delete': True, 'add': True, 'change': True}, 'admin_url': '/admin/topico2/especificacionreceta/', 'add_url': '/admin/topico2/especificacionreceta/add/', 'name': 'EspecificacionRecetas'}, {'object_name': 'Funcionvital', 'perms': {'delete': True, 'add': True, 'change': True}, 'admin_url': '/admin/topico2/funcionvital/', 'add_url': '/admin/topico2/funcionvital/add/', 'name': 'Funcionvitals'}, {'object_name': 'Historia', 'perms': {'delete': True, 'add': True, 'change': True}, 'admin_url': '/admin/topico2/historia/', 'add_url': '/admin/topico2/historia/add/', 'name': 'Historias'}, {'object_name': 'Medicamento', 'perms': {'delete': True, 'add': True, 'change': True}, 'admin_url': '/admin/topico2/medicamento/', 'add_url': '/admin/topico2/medicamento/add/', 'name': 'Medicamentos'}, {'object_name': 'Paciente', 'perms': {'delete': True, 'add': True, 'change': True}, 'admin_url': '/admin/topico2/paciente/', 'add_url': '/admin/topico2/paciente/add/', 'name': 'Pacientes'}, {'object_name': 'Tratamiento', 'perms': {'delete': True, 'add': True, 'change': True}, 'admin_url': '/admin/topico2/tratamiento/', 'add_url': '/admin/topico2/tratamiento/add/', 'name': 'Tratamientos'}], 'app_url': '/admin/topico2/', 'app_label': 'topico2', 'name': 'Topico2'}], 'app_list': [{'has_module_perms': True, 'models': [{'object_name': 'Group', 'perms': {'delete': True, 'add': True, 'change': True}, 'admin_url': '/admin/auth/group/', 'add_url': '/admin/auth/group/add/', 'name': <django.utils.functional.lazy.<locals>.__proxy__ object at 0x7f1b9a1db898>}, {'object_name': 'Permission', 'perms': {'delete': True, 'add': True, 'change': True}, 'admin_url': '/admin/auth/permission/', 'add_url': '/admin/auth/permission/add/', 'name': <django.utils.functional.lazy.<locals>.__proxy__ object at 0x7f1b9a155cf8>}], 'app_url': '/admin/auth/', 'app_label': 'auth', 'name': <django.utils.functional.lazy.<locals>.__proxy__ object at 0x7f1ba1281f98>}, {'has_module_perms': True, 'models': [{'object_name': 'HierarchyType', 'perms': {'delete': True, 'add': True, 'change': True}, 'admin_url': '/admin/auths/hierarchytype/', 'add_url': '/admin/auths/hierarchytype/add/', 'name': <django.utils.functional.lazy.<locals>.__proxy__ object at 0x7f1b9a1db780>}, {'object_name': 'Hierarchy', 'perms': {'delete': True, 'add': True, 'change': True}, 'admin_url': '/admin/auths/hierarchy/', 'add_url': '/admin/auths/hierarchy/add/', 'name': <django.utils.functional.lazy.<locals>.__proxy__ object at 0x7f1b9ac26390>}, {'object_name': 'Menu', 'perms': {'delete': True, 'add': True, 'change': True}, 'admin_url': '/admin/auths/menu/', 'add_url': '/admin/auths/menu/add/', 'name': <django.utils.functional.lazy.<locals>.__proxy__ object at 0x7f1b9a17afd0>}, {'object_name': 'Person', 'perms': {'delete': True, 'add': True, 'change': True}, 'admin_url': '/admin/auths/person/', 'add_url': '/admin/auths/person/add/', 'name': <django.utils.functional.lazy.<locals>.__proxy__ object at 0x7f1b9a155d68>}, {'object_name': 'UserHierarchyGroup', 'perms': {'delete': True, 'add': True, 'change': True}, 'admin_url': '/admin/auths/userhierarchygroup/', 'add_url': '/admin/auths/userhierarchygroup/add/', 'name': <django.utils.functional.lazy.<locals>.__proxy__ object at 0x7f1b9a1db518>}, {'object_name': 'UserHierarchyPermission', 'perms': {'delete': True, 'add': True, 'change': True}, 'admin_url': '/admin/auths/userhierarchypermission/', 'add_url': '/admin/auths/userhierarchypermission/add/', 'name': <django.utils.functional.lazy.<locals>.__proxy__ object at 0x7f1b9a17a080>}, {'object_name': 'User', 'perms': {'delete': True, 'add': True, 'change': True}, 'admin_url': '/admin/auths/user/', 'add_url': '/admin/auths/user/add/', 'name': <django.utils.functional.lazy.<locals>.__proxy__ object at 0x7f1b9a17a198>}], 'app_url': '/admin/auths/', 'app_label': 'auths', 'name': 'Auths'}, {'has_module_perms': True, 'models': [{'object_name': 'AccessToken', 'perms': {'delete': True, 'add': True, 'change': True}, 'admin_url': '/admin/oauth2_provider/accesstoken/', 'add_url': '/admin/oauth2_provider/accesstoken/add/', 'name': <django.utils.functional.lazy.<locals>.__proxy__ object at 0x7f1b9a1db7f0>}, {'object_name': 'Application', 'perms': {'delete': True, 'add': True, 'change': True}, 'admin_url': '/admin/oauth2_provider/application/', 'add_url': '/admin/oauth2_provider/application/add/', 'name': <django.utils.functional.lazy.<locals>.__proxy__ object at 0x7f1b9a17af98>}, {'object_name': 'Grant', 'perms': {'delete': True, 'add': True, 'change': True}, 'admin_url': '/admin/oauth2_provider/grant/', 'add_url': '/admin/oauth2_provider/grant/add/', 'name': <django.utils.functional.lazy.<locals>.__proxy__ object at 0x7f1b9a17af60>}, {'object_name': 'RefreshToken', 'perms': {'delete': True, 'add': True, 'change': True}, 'admin_url': '/admin/oauth2_provider/refreshtoken/', 'add_url': '/admin/oauth2_provider/refreshtoken/add/', 'name': <django.utils.functional.lazy.<locals>.__proxy__ object at 0x7f1b9a17a160>}], 'app_url': '/admin/oauth2_provider/', 'app_label': 'oauth2_provider', 'name': 'Django OAuth Toolkit'}, {'has_module_perms': True, 'models': [{'object_name': 'ContentType', 'perms': {'delete': True, 'add': True, 'change': True}, 'admin_url': '/admin/contenttypes/contenttype/', 'add_url': '/admin/contenttypes/contenttype/add/', 'name': <django.utils.functional.lazy.<locals>.__proxy__ object at 0x7f1b9a1db710>}], 'app_url': '/admin/contenttypes/', 'app_label': 'contenttypes', 'name': <django.utils.functional.lazy.<locals>.__proxy__ object at 0x7f1ba11a7d68>}, {'has_module_perms': True, 'models': [{'object_name': 'Antecedentemedico', 'perms': {'delete': True, 'add': True, 'change': True}, 'admin_url': '/admin/topico2/antecedentemedico/', 'add_url': '/admin/topico2/antecedentemedico/add/', 'name': 'Antecedentemedicos'}, {'object_name': 'Consulta', 'perms': {'delete': True, 'add': True, 'change': True}, 'admin_url': '/admin/topico2/consulta/', 'add_url': '/admin/topico2/consulta/add/', 'name': 'Consultas'}, {'object_name': 'Departamento', 'perms': {'delete': True, 'add': True, 'change': True}, 'admin_url': '/admin/topico2/departamento/', 'add_url': '/admin/topico2/departamento/add/', 'name': 'Departamentos'}, {'object_name': 'Derivacion', 'perms': {'delete': True, 'add': True, 'change': True}, 'admin_url': '/admin/topico2/derivacion/', 'add_url': '/admin/topico2/derivacion/add/', 'name': 'Derivacions'}, {'object_name': 'Diagnostico', 'perms': {'delete': True, 'add': True, 'change': True}, 'admin_url': '/admin/topico2/diagnostico/', 'add_url': '/admin/topico2/diagnostico/add/', 'name': 'Diagnosticos'}, {'object_name': 'EspecificacionReceta', 'perms': {'delete': True, 'add': True, 'change': True}, 'admin_url': '/admin/topico2/especificacionreceta/', 'add_url': '/admin/topico2/especificacionreceta/add/', 'name': 'EspecificacionRecetas'}, {'object_name': 'Funcionvital', 'perms': {'delete': True, 'add': True, 'change': True}, 'admin_url': '/admin/topico2/funcionvital/', 'add_url': '/admin/topico2/funcionvital/add/', 'name': 'Funcionvitals'}, {'object_name': 'Historia', 'perms': {'delete': True, 'add': True, 'change': True}, 'admin_url': '/admin/topico2/historia/', 'add_url': '/admin/topico2/historia/add/', 'name': 'Historias'}, {'object_name': 'Medicamento', 'perms': {'delete': True, 'add': True, 'change': True}, 'admin_url': '/admin/topico2/medicamento/', 'add_url': '/admin/topico2/medicamento/add/', 'name': 'Medicamentos'}, {'object_name': 'Paciente', 'perms': {'delete': True, 'add': True, 'change': True}, 'admin_url': '/admin/topico2/paciente/', 'add_url': '/admin/topico2/paciente/add/', 'name': 'Pacientes'}, {'object_name': 'Tratamiento', 'perms': {'delete': True, 'add': True, 'change': True}, 'admin_url': '/admin/topico2/tratamiento/', 'add_url': '/admin/topico2/tratamiento/add/', 'name': 'Tratamientos'}], 'app_url': '/admin/topico2/', 'app_label': 'topico2', 'name': 'Topico2'}]}]"
[2016-12-02 03:03:46] DEBUG [django.template:929] Exception while resolving variable 'is_popup' in template 'admin/index.html'.
Traceback (most recent call last):
  File "/home/eleuterio/.virtualenvs/medicfastv2/lib/python3.5/site-packages/django/template/base.py", line 885, in _resolve_lookup
    current = current[bit]
  File "/home/eleuterio/.virtualenvs/medicfastv2/lib/python3.5/site-packages/django/template/context.py", line 75, in __getitem__
    raise KeyError(key)
KeyError: 'is_popup'

During handling of the above exception, another exception occurred:

Traceback (most recent call last):
  File "/home/eleuterio/.virtualenvs/medicfastv2/lib/python3.5/site-packages/django/template/base.py", line 891, in _resolve_lookup
    if isinstance(current, BaseContext) and getattr(type(current), bit):
AttributeError: type object 'RequestContext' has no attribute 'is_popup'

During handling of the above exception, another exception occurred:

Traceback (most recent call last):
  File "/home/eleuterio/.virtualenvs/medicfastv2/lib/python3.5/site-packages/django/template/base.py", line 900, in _resolve_lookup
    current = current[int(bit)]
ValueError: invalid literal for int() with base 10: 'is_popup'

During handling of the above exception, another exception occurred:

Traceback (most recent call last):
  File "/home/eleuterio/.virtualenvs/medicfastv2/lib/python3.5/site-packages/django/template/base.py", line 907, in _resolve_lookup
    (bit, current))  # missing attribute
django.template.base.VariableDoesNotExist: Failed lookup for key [is_popup] in "[{'None': None, 'False': False, 'True': True}, {'DEFAULT_MESSAGE_LEVELS': {'WARNING': 30, 'ERROR': 40, 'INFO': 20, 'DEBUG': 10, 'SUCCESS': 25}, 'user': <SimpleLazyObject: <User: admin>>, 'csrf_token': <SimpleLazyObject: <function csrf.<locals>._get_val at 0x7f1b9a0da6a8>>, 'request': <WSGIRequest: GET '/admin/'>, 'messages': <django.contrib.messages.storage.fallback.FallbackStorage object at 0x7f1b9a0d97f0>, 'perms': <django.contrib.auth.context_processors.PermWrapper object at 0x7f1b99871ac8>}, {}, {'LANGUAGE_CODE': 'es', 'site_url': '/', 'title': <django.utils.functional.lazy.<locals>.__proxy__ object at 0x7f1ba12327b8>, 'has_permission': True, 'site_header': <django.utils.functional.lazy.<locals>.__proxy__ object at 0x7f1ba1215128>, 'LANGUAGE_BIDI': False, 'site_title': <django.utils.functional.lazy.<locals>.__proxy__ object at 0x7f1ba1215080>, 'available_apps': [{'has_module_perms': True, 'models': [{'object_name': 'Group', 'perms': {'delete': True, 'add': True, 'change': True}, 'admin_url': '/admin/auth/group/', 'add_url': '/admin/auth/group/add/', 'name': <django.utils.functional.lazy.<locals>.__proxy__ object at 0x7f1b9a0de780>}, {'object_name': 'Permission', 'perms': {'delete': True, 'add': True, 'change': True}, 'admin_url': '/admin/auth/permission/', 'add_url': '/admin/auth/permission/add/', 'name': <django.utils.functional.lazy.<locals>.__proxy__ object at 0x7f1b9a0de898>}], 'app_url': '/admin/auth/', 'app_label': 'auth', 'name': <django.utils.functional.lazy.<locals>.__proxy__ object at 0x7f1ba1281f98>}, {'has_module_perms': True, 'models': [{'object_name': 'HierarchyType', 'perms': {'delete': True, 'add': True, 'change': True}, 'admin_url': '/admin/auths/hierarchytype/', 'add_url': '/admin/auths/hierarchytype/add/', 'name': <django.utils.functional.lazy.<locals>.__proxy__ object at 0x7f1b9a0de7b8>}, {'object_name': 'Hierarchy', 'perms': {'delete': True, 'add': True, 'change': True}, 'admin_url': '/admin/auths/hierarchy/', 'add_url': '/admin/auths/hierarchy/add/', 'name': <django.utils.functional.lazy.<locals>.__proxy__ object at 0x7f1b9a0de470>}, {'object_name': 'Menu', 'perms': {'delete': True, 'add': True, 'change': True}, 'admin_url': '/admin/auths/menu/', 'add_url': '/admin/auths/menu/add/', 'name': <django.utils.functional.lazy.<locals>.__proxy__ object at 0x7f1b9a0de6a0>}, {'object_name': 'Person', 'perms': {'delete': True, 'add': True, 'change': True}, 'admin_url': '/admin/auths/person/', 'add_url': '/admin/auths/person/add/', 'name': <django.utils.functional.lazy.<locals>.__proxy__ object at 0x7f1b9a0de908>}, {'object_name': 'UserHierarchyGroup', 'perms': {'delete': True, 'add': True, 'change': True}, 'admin_url': '/admin/auths/userhierarchygroup/', 'add_url': '/admin/auths/userhierarchygroup/add/', 'name': <django.utils.functional.lazy.<locals>.__proxy__ object at 0x7f1b9a0de6d8>}, {'object_name': 'UserHierarchyPermission', 'perms': {'delete': True, 'add': True, 'change': True}, 'admin_url': '/admin/auths/userhierarchypermission/', 'add_url': '/admin/auths/userhierarchypermission/add/', 'name': <django.utils.functional.lazy.<locals>.__proxy__ object at 0x7f1b9a0de550>}, {'object_name': 'User', 'perms': {'delete': True, 'add': True, 'change': True}, 'admin_url': '/admin/auths/user/', 'add_url': '/admin/auths/user/add/', 'name': <django.utils.functional.lazy.<locals>.__proxy__ object at 0x7f1b9a0de630>}], 'app_url': '/admin/auths/', 'app_label': 'auths', 'name': 'Auths'}, {'has_module_perms': True, 'models': [{'object_name': 'AccessToken', 'perms': {'delete': True, 'add': True, 'change': True}, 'admin_url': '/admin/oauth2_provider/accesstoken/', 'add_url': '/admin/oauth2_provider/accesstoken/add/', 'name': <django.utils.functional.lazy.<locals>.__proxy__ object at 0x7f1b9a0de748>}, {'object_name': 'Application', 'perms': {'delete': True, 'add': True, 'change': True}, 'admin_url': '/admin/oauth2_provider/application/', 'add_url': '/admin/oauth2_provider/application/add/', 'name': <django.utils.functional.lazy.<locals>.__proxy__ object at 0x7f1b9a0de710>}, {'object_name': 'Grant', 'perms': {'delete': True, 'add': True, 'change': True}, 'admin_url': '/admin/oauth2_provider/grant/', 'add_url': '/admin/oauth2_provider/grant/add/', 'name': <django.utils.functional.lazy.<locals>.__proxy__ object at 0x7f1b9a0de668>}, {'object_name': 'RefreshToken', 'perms': {'delete': True, 'add': True, 'change': True}, 'admin_url': '/admin/oauth2_provider/refreshtoken/', 'add_url': '/admin/oauth2_provider/refreshtoken/add/', 'name': <django.utils.functional.lazy.<locals>.__proxy__ object at 0x7f1b9a0de5f8>}], 'app_url': '/admin/oauth2_provider/', 'app_label': 'oauth2_provider', 'name': 'Django OAuth Toolkit'}, {'has_module_perms': True, 'models': [{'object_name': 'ContentType', 'perms': {'delete': True, 'add': True, 'change': True}, 'admin_url': '/admin/contenttypes/contenttype/', 'add_url': '/admin/contenttypes/contenttype/add/', 'name': <django.utils.functional.lazy.<locals>.__proxy__ object at 0x7f1b9a0de828>}], 'app_url': '/admin/contenttypes/', 'app_label': 'contenttypes', 'name': <django.utils.functional.lazy.<locals>.__proxy__ object at 0x7f1ba11a7d68>}, {'has_module_perms': True, 'models': [{'object_name': 'Antecedentemedico', 'perms': {'delete': True, 'add': True, 'change': True}, 'admin_url': '/admin/topico2/antecedentemedico/', 'add_url': '/admin/topico2/antecedentemedico/add/', 'name': 'Antecedentemedicos'}, {'object_name': 'Consulta', 'perms': {'delete': True, 'add': True, 'change': True}, 'admin_url': '/admin/topico2/consulta/', 'add_url': '/admin/topico2/consulta/add/', 'name': 'Consultas'}, {'object_name': 'Departamento', 'perms': {'delete': True, 'add': True, 'change': True}, 'admin_url': '/admin/topico2/departamento/', 'add_url': '/admin/topico2/departamento/add/', 'name': 'Departamentos'}, {'object_name': 'Derivacion', 'perms': {'delete': True, 'add': True, 'change': True}, 'admin_url': '/admin/topico2/derivacion/', 'add_url': '/admin/topico2/derivacion/add/', 'name': 'Derivacions'}, {'object_name': 'Diagnostico', 'perms': {'delete': True, 'add': True, 'change': True}, 'admin_url': '/admin/topico2/diagnostico/', 'add_url': '/admin/topico2/diagnostico/add/', 'name': 'Diagnosticos'}, {'object_name': 'EspecificacionReceta', 'perms': {'delete': True, 'add': True, 'change': True}, 'admin_url': '/admin/topico2/especificacionreceta/', 'add_url': '/admin/topico2/especificacionreceta/add/', 'name': 'EspecificacionRecetas'}, {'object_name': 'Funcionvital', 'perms': {'delete': True, 'add': True, 'change': True}, 'admin_url': '/admin/topico2/funcionvital/', 'add_url': '/admin/topico2/funcionvital/add/', 'name': 'Funcionvitals'}, {'object_name': 'Historia', 'perms': {'delete': True, 'add': True, 'change': True}, 'admin_url': '/admin/topico2/historia/', 'add_url': '/admin/topico2/historia/add/', 'name': 'Historias'}, {'object_name': 'Medicamento', 'perms': {'delete': True, 'add': True, 'change': True}, 'admin_url': '/admin/topico2/medicamento/', 'add_url': '/admin/topico2/medicamento/add/', 'name': 'Medicamentos'}, {'object_name': 'Paciente', 'perms': {'delete': True, 'add': True, 'change': True}, 'admin_url': '/admin/topico2/paciente/', 'add_url': '/admin/topico2/paciente/add/', 'name': 'Pacientes'}, {'object_name': 'Tratamiento', 'perms': {'delete': True, 'add': True, 'change': True}, 'admin_url': '/admin/topico2/tratamiento/', 'add_url': '/admin/topico2/tratamiento/add/', 'name': 'Tratamientos'}], 'app_url': '/admin/topico2/', 'app_label': 'topico2', 'name': 'Topico2'}], 'app_list': [{'has_module_perms': True, 'models': [{'object_name': 'Group', 'perms': {'delete': True, 'add': True, 'change': True}, 'admin_url': '/admin/auth/group/', 'add_url': '/admin/auth/group/add/', 'name': <django.utils.functional.lazy.<locals>.__proxy__ object at 0x7f1b9a0d9cc0>}, {'object_name': 'Permission', 'perms': {'delete': True, 'add': True, 'change': True}, 'admin_url': '/admin/auth/permission/', 'add_url': '/admin/auth/permission/add/', 'name': <django.utils.functional.lazy.<locals>.__proxy__ object at 0x7f1b9a0d9e80>}], 'app_url': '/admin/auth/', 'app_label': 'auth', 'name': <django.utils.functional.lazy.<locals>.__proxy__ object at 0x7f1ba1281f98>}, {'has_module_perms': True, 'models': [{'object_name': 'HierarchyType', 'perms': {'delete': True, 'add': True, 'change': True}, 'admin_url': '/admin/auths/hierarchytype/', 'add_url': '/admin/auths/hierarchytype/add/', 'name': <django.utils.functional.lazy.<locals>.__proxy__ object at 0x7f1b9a0de0f0>}, {'object_name': 'Hierarchy', 'perms': {'delete': True, 'add': True, 'change': True}, 'admin_url': '/admin/auths/hierarchy/', 'add_url': '/admin/auths/hierarchy/add/', 'name': <django.utils.functional.lazy.<locals>.__proxy__ object at 0x7f1b9a0d9a58>}, {'object_name': 'Menu', 'perms': {'delete': True, 'add': True, 'change': True}, 'admin_url': '/admin/auths/menu/', 'add_url': '/admin/auths/menu/add/', 'name': <django.utils.functional.lazy.<locals>.__proxy__ object at 0x7f1b9a0d9f28>}, {'object_name': 'Person', 'perms': {'delete': True, 'add': True, 'change': True}, 'admin_url': '/admin/auths/person/', 'add_url': '/admin/auths/person/add/', 'name': <django.utils.functional.lazy.<locals>.__proxy__ object at 0x7f1b9a0de128>}, {'object_name': 'UserHierarchyGroup', 'perms': {'delete': True, 'add': True, 'change': True}, 'admin_url': '/admin/auths/userhierarchygroup/', 'add_url': '/admin/auths/userhierarchygroup/add/', 'name': <django.utils.functional.lazy.<locals>.__proxy__ object at 0x7f1b9a0d9dd8>}, {'object_name': 'UserHierarchyPermission', 'perms': {'delete': True, 'add': True, 'change': True}, 'admin_url': '/admin/auths/userhierarchypermission/', 'add_url': '/admin/auths/userhierarchypermission/add/', 'name': <django.utils.functional.lazy.<locals>.__proxy__ object at 0x7f1b9a0d9ac8>}, {'object_name': 'User', 'perms': {'delete': True, 'add': True, 'change': True}, 'admin_url': '/admin/auths/user/', 'add_url': '/admin/auths/user/add/', 'name': <django.utils.functional.lazy.<locals>.__proxy__ object at 0x7f1b9a0d9c18>}], 'app_url': '/admin/auths/', 'app_label': 'auths', 'name': 'Auths'}, {'has_module_perms': True, 'models': [{'object_name': 'AccessToken', 'perms': {'delete': True, 'add': True, 'change': True}, 'admin_url': '/admin/oauth2_provider/accesstoken/', 'add_url': '/admin/oauth2_provider/accesstoken/add/', 'name': <django.utils.functional.lazy.<locals>.__proxy__ object at 0x7f1b9a0cea20>}, {'object_name': 'Application', 'perms': {'delete': True, 'add': True, 'change': True}, 'admin_url': '/admin/oauth2_provider/application/', 'add_url': '/admin/oauth2_provider/application/add/', 'name': <django.utils.functional.lazy.<locals>.__proxy__ object at 0x7f1b9a0d9b70>}, {'object_name': 'Grant', 'perms': {'delete': True, 'add': True, 'change': True}, 'admin_url': '/admin/oauth2_provider/grant/', 'add_url': '/admin/oauth2_provider/grant/add/', 'name': <django.utils.functional.lazy.<locals>.__proxy__ object at 0x7f1b9a0d9d68>}, {'object_name': 'RefreshToken', 'perms': {'delete': True, 'add': True, 'change': True}, 'admin_url': '/admin/oauth2_provider/refreshtoken/', 'add_url': '/admin/oauth2_provider/refreshtoken/add/', 'name': <django.utils.functional.lazy.<locals>.__proxy__ object at 0x7f1b9a0d9b00>}], 'app_url': '/admin/oauth2_provider/', 'app_label': 'oauth2_provider', 'name': 'Django OAuth Toolkit'}, {'has_module_perms': True, 'models': [{'object_name': 'ContentType', 'perms': {'delete': True, 'add': True, 'change': True}, 'admin_url': '/admin/contenttypes/contenttype/', 'add_url': '/admin/contenttypes/contenttype/add/', 'name': <django.utils.functional.lazy.<locals>.__proxy__ object at 0x7f1b9a0d9c88>}], 'app_url': '/admin/contenttypes/', 'app_label': 'contenttypes', 'name': <django.utils.functional.lazy.<locals>.__proxy__ object at 0x7f1ba11a7d68>}, {'has_module_perms': True, 'models': [{'object_name': 'Antecedentemedico', 'perms': {'delete': True, 'add': True, 'change': True}, 'admin_url': '/admin/topico2/antecedentemedico/', 'add_url': '/admin/topico2/antecedentemedico/add/', 'name': 'Antecedentemedicos'}, {'object_name': 'Consulta', 'perms': {'delete': True, 'add': True, 'change': True}, 'admin_url': '/admin/topico2/consulta/', 'add_url': '/admin/topico2/consulta/add/', 'name': 'Consultas'}, {'object_name': 'Departamento', 'perms': {'delete': True, 'add': True, 'change': True}, 'admin_url': '/admin/topico2/departamento/', 'add_url': '/admin/topico2/departamento/add/', 'name': 'Departamentos'}, {'object_name': 'Derivacion', 'perms': {'delete': True, 'add': True, 'change': True}, 'admin_url': '/admin/topico2/derivacion/', 'add_url': '/admin/topico2/derivacion/add/', 'name': 'Derivacions'}, {'object_name': 'Diagnostico', 'perms': {'delete': True, 'add': True, 'change': True}, 'admin_url': '/admin/topico2/diagnostico/', 'add_url': '/admin/topico2/diagnostico/add/', 'name': 'Diagnosticos'}, {'object_name': 'EspecificacionReceta', 'perms': {'delete': True, 'add': True, 'change': True}, 'admin_url': '/admin/topico2/especificacionreceta/', 'add_url': '/admin/topico2/especificacionreceta/add/', 'name': 'EspecificacionRecetas'}, {'object_name': 'Funcionvital', 'perms': {'delete': True, 'add': True, 'change': True}, 'admin_url': '/admin/topico2/funcionvital/', 'add_url': '/admin/topico2/funcionvital/add/', 'name': 'Funcionvitals'}, {'object_name': 'Historia', 'perms': {'delete': True, 'add': True, 'change': True}, 'admin_url': '/admin/topico2/historia/', 'add_url': '/admin/topico2/historia/add/', 'name': 'Historias'}, {'object_name': 'Medicamento', 'perms': {'delete': True, 'add': True, 'change': True}, 'admin_url': '/admin/topico2/medicamento/', 'add_url': '/admin/topico2/medicamento/add/', 'name': 'Medicamentos'}, {'object_name': 'Paciente', 'perms': {'delete': True, 'add': True, 'change': True}, 'admin_url': '/admin/topico2/paciente/', 'add_url': '/admin/topico2/paciente/add/', 'name': 'Pacientes'}, {'object_name': 'Tratamiento', 'perms': {'delete': True, 'add': True, 'change': True}, 'admin_url': '/admin/topico2/tratamiento/', 'add_url': '/admin/topico2/tratamiento/add/', 'name': 'Tratamientos'}], 'app_url': '/admin/topico2/', 'app_label': 'topico2', 'name': 'Topico2'}]}]"
[2016-12-02 03:03:47] DEBUG [django.template:929] Exception while resolving variable 'is_popup' in template 'admin/index.html'.
Traceback (most recent call last):
  File "/home/eleuterio/.virtualenvs/medicfastv2/lib/python3.5/site-packages/django/template/base.py", line 885, in _resolve_lookup
    current = current[bit]
  File "/home/eleuterio/.virtualenvs/medicfastv2/lib/python3.5/site-packages/django/template/context.py", line 75, in __getitem__
    raise KeyError(key)
KeyError: 'is_popup'

During handling of the above exception, another exception occurred:

Traceback (most recent call last):
  File "/home/eleuterio/.virtualenvs/medicfastv2/lib/python3.5/site-packages/django/template/base.py", line 891, in _resolve_lookup
    if isinstance(current, BaseContext) and getattr(type(current), bit):
AttributeError: type object 'RequestContext' has no attribute 'is_popup'

During handling of the above exception, another exception occurred:

Traceback (most recent call last):
  File "/home/eleuterio/.virtualenvs/medicfastv2/lib/python3.5/site-packages/django/template/base.py", line 900, in _resolve_lookup
    current = current[int(bit)]
ValueError: invalid literal for int() with base 10: 'is_popup'

During handling of the above exception, another exception occurred:

Traceback (most recent call last):
  File "/home/eleuterio/.virtualenvs/medicfastv2/lib/python3.5/site-packages/django/template/base.py", line 907, in _resolve_lookup
    (bit, current))  # missing attribute
django.template.base.VariableDoesNotExist: Failed lookup for key [is_popup] in "[{'None': None, 'False': False, 'True': True}, {'DEFAULT_MESSAGE_LEVELS': {'WARNING': 30, 'ERROR': 40, 'INFO': 20, 'DEBUG': 10, 'SUCCESS': 25}, 'user': <SimpleLazyObject: <User: admin>>, 'csrf_token': <SimpleLazyObject: <function csrf.<locals>._get_val at 0x7f1b9a0da6a8>>, 'request': <WSGIRequest: GET '/admin/'>, 'messages': <django.contrib.messages.storage.fallback.FallbackStorage object at 0x7f1b9a0d97f0>, 'perms': <django.contrib.auth.context_processors.PermWrapper object at 0x7f1b99871ac8>}, {}, {'LANGUAGE_CODE': 'es', 'site_url': '/', 'title': <django.utils.functional.lazy.<locals>.__proxy__ object at 0x7f1ba12327b8>, 'has_permission': True, 'site_header': <django.utils.functional.lazy.<locals>.__proxy__ object at 0x7f1ba1215128>, 'LANGUAGE_BIDI': False, 'site_title': <django.utils.functional.lazy.<locals>.__proxy__ object at 0x7f1ba1215080>, 'available_apps': [{'has_module_perms': True, 'models': [{'object_name': 'Group', 'perms': {'delete': True, 'add': True, 'change': True}, 'admin_url': '/admin/auth/group/', 'add_url': '/admin/auth/group/add/', 'name': <django.utils.functional.lazy.<locals>.__proxy__ object at 0x7f1b9a0de780>}, {'object_name': 'Permission', 'perms': {'delete': True, 'add': True, 'change': True}, 'admin_url': '/admin/auth/permission/', 'add_url': '/admin/auth/permission/add/', 'name': <django.utils.functional.lazy.<locals>.__proxy__ object at 0x7f1b9a0de898>}], 'app_url': '/admin/auth/', 'app_label': 'auth', 'name': <django.utils.functional.lazy.<locals>.__proxy__ object at 0x7f1ba1281f98>}, {'has_module_perms': True, 'models': [{'object_name': 'HierarchyType', 'perms': {'delete': True, 'add': True, 'change': True}, 'admin_url': '/admin/auths/hierarchytype/', 'add_url': '/admin/auths/hierarchytype/add/', 'name': <django.utils.functional.lazy.<locals>.__proxy__ object at 0x7f1b9a0de7b8>}, {'object_name': 'Hierarchy', 'perms': {'delete': True, 'add': True, 'change': True}, 'admin_url': '/admin/auths/hierarchy/', 'add_url': '/admin/auths/hierarchy/add/', 'name': <django.utils.functional.lazy.<locals>.__proxy__ object at 0x7f1b9a0de470>}, {'object_name': 'Menu', 'perms': {'delete': True, 'add': True, 'change': True}, 'admin_url': '/admin/auths/menu/', 'add_url': '/admin/auths/menu/add/', 'name': <django.utils.functional.lazy.<locals>.__proxy__ object at 0x7f1b9a0de6a0>}, {'object_name': 'Person', 'perms': {'delete': True, 'add': True, 'change': True}, 'admin_url': '/admin/auths/person/', 'add_url': '/admin/auths/person/add/', 'name': <django.utils.functional.lazy.<locals>.__proxy__ object at 0x7f1b9a0de908>}, {'object_name': 'UserHierarchyGroup', 'perms': {'delete': True, 'add': True, 'change': True}, 'admin_url': '/admin/auths/userhierarchygroup/', 'add_url': '/admin/auths/userhierarchygroup/add/', 'name': <django.utils.functional.lazy.<locals>.__proxy__ object at 0x7f1b9a0de6d8>}, {'object_name': 'UserHierarchyPermission', 'perms': {'delete': True, 'add': True, 'change': True}, 'admin_url': '/admin/auths/userhierarchypermission/', 'add_url': '/admin/auths/userhierarchypermission/add/', 'name': <django.utils.functional.lazy.<locals>.__proxy__ object at 0x7f1b9a0de550>}, {'object_name': 'User', 'perms': {'delete': True, 'add': True, 'change': True}, 'admin_url': '/admin/auths/user/', 'add_url': '/admin/auths/user/add/', 'name': <django.utils.functional.lazy.<locals>.__proxy__ object at 0x7f1b9a0de630>}], 'app_url': '/admin/auths/', 'app_label': 'auths', 'name': 'Auths'}, {'has_module_perms': True, 'models': [{'object_name': 'AccessToken', 'perms': {'delete': True, 'add': True, 'change': True}, 'admin_url': '/admin/oauth2_provider/accesstoken/', 'add_url': '/admin/oauth2_provider/accesstoken/add/', 'name': <django.utils.functional.lazy.<locals>.__proxy__ object at 0x7f1b9a0de748>}, {'object_name': 'Application', 'perms': {'delete': True, 'add': True, 'change': True}, 'admin_url': '/admin/oauth2_provider/application/', 'add_url': '/admin/oauth2_provider/application/add/', 'name': <django.utils.functional.lazy.<locals>.__proxy__ object at 0x7f1b9a0de710>}, {'object_name': 'Grant', 'perms': {'delete': True, 'add': True, 'change': True}, 'admin_url': '/admin/oauth2_provider/grant/', 'add_url': '/admin/oauth2_provider/grant/add/', 'name': <django.utils.functional.lazy.<locals>.__proxy__ object at 0x7f1b9a0de668>}, {'object_name': 'RefreshToken', 'perms': {'delete': True, 'add': True, 'change': True}, 'admin_url': '/admin/oauth2_provider/refreshtoken/', 'add_url': '/admin/oauth2_provider/refreshtoken/add/', 'name': <django.utils.functional.lazy.<locals>.__proxy__ object at 0x7f1b9a0de5f8>}], 'app_url': '/admin/oauth2_provider/', 'app_label': 'oauth2_provider', 'name': 'Django OAuth Toolkit'}, {'has_module_perms': True, 'models': [{'object_name': 'ContentType', 'perms': {'delete': True, 'add': True, 'change': True}, 'admin_url': '/admin/contenttypes/contenttype/', 'add_url': '/admin/contenttypes/contenttype/add/', 'name': <django.utils.functional.lazy.<locals>.__proxy__ object at 0x7f1b9a0de828>}], 'app_url': '/admin/contenttypes/', 'app_label': 'contenttypes', 'name': <django.utils.functional.lazy.<locals>.__proxy__ object at 0x7f1ba11a7d68>}, {'has_module_perms': True, 'models': [{'object_name': 'Antecedentemedico', 'perms': {'delete': True, 'add': True, 'change': True}, 'admin_url': '/admin/topico2/antecedentemedico/', 'add_url': '/admin/topico2/antecedentemedico/add/', 'name': 'Antecedentemedicos'}, {'object_name': 'Consulta', 'perms': {'delete': True, 'add': True, 'change': True}, 'admin_url': '/admin/topico2/consulta/', 'add_url': '/admin/topico2/consulta/add/', 'name': 'Consultas'}, {'object_name': 'Departamento', 'perms': {'delete': True, 'add': True, 'change': True}, 'admin_url': '/admin/topico2/departamento/', 'add_url': '/admin/topico2/departamento/add/', 'name': 'Departamentos'}, {'object_name': 'Derivacion', 'perms': {'delete': True, 'add': True, 'change': True}, 'admin_url': '/admin/topico2/derivacion/', 'add_url': '/admin/topico2/derivacion/add/', 'name': 'Derivacions'}, {'object_name': 'Diagnostico', 'perms': {'delete': True, 'add': True, 'change': True}, 'admin_url': '/admin/topico2/diagnostico/', 'add_url': '/admin/topico2/diagnostico/add/', 'name': 'Diagnosticos'}, {'object_name': 'EspecificacionReceta', 'perms': {'delete': True, 'add': True, 'change': True}, 'admin_url': '/admin/topico2/especificacionreceta/', 'add_url': '/admin/topico2/especificacionreceta/add/', 'name': 'EspecificacionRecetas'}, {'object_name': 'Funcionvital', 'perms': {'delete': True, 'add': True, 'change': True}, 'admin_url': '/admin/topico2/funcionvital/', 'add_url': '/admin/topico2/funcionvital/add/', 'name': 'Funcionvitals'}, {'object_name': 'Historia', 'perms': {'delete': True, 'add': True, 'change': True}, 'admin_url': '/admin/topico2/historia/', 'add_url': '/admin/topico2/historia/add/', 'name': 'Historias'}, {'object_name': 'Medicamento', 'perms': {'delete': True, 'add': True, 'change': True}, 'admin_url': '/admin/topico2/medicamento/', 'add_url': '/admin/topico2/medicamento/add/', 'name': 'Medicamentos'}, {'object_name': 'Paciente', 'perms': {'delete': True, 'add': True, 'change': True}, 'admin_url': '/admin/topico2/paciente/', 'add_url': '/admin/topico2/paciente/add/', 'name': 'Pacientes'}, {'object_name': 'Tratamiento', 'perms': {'delete': True, 'add': True, 'change': True}, 'admin_url': '/admin/topico2/tratamiento/', 'add_url': '/admin/topico2/tratamiento/add/', 'name': 'Tratamientos'}], 'app_url': '/admin/topico2/', 'app_label': 'topico2', 'name': 'Topico2'}], 'app_list': [{'has_module_perms': True, 'models': [{'object_name': 'Group', 'perms': {'delete': True, 'add': True, 'change': True}, 'admin_url': '/admin/auth/group/', 'add_url': '/admin/auth/group/add/', 'name': <django.utils.functional.lazy.<locals>.__proxy__ object at 0x7f1b9a0d9cc0>}, {'object_name': 'Permission', 'perms': {'delete': True, 'add': True, 'change': True}, 'admin_url': '/admin/auth/permission/', 'add_url': '/admin/auth/permission/add/', 'name': <django.utils.functional.lazy.<locals>.__proxy__ object at 0x7f1b9a0d9e80>}], 'app_url': '/admin/auth/', 'app_label': 'auth', 'name': <django.utils.functional.lazy.<locals>.__proxy__ object at 0x7f1ba1281f98>}, {'has_module_perms': True, 'models': [{'object_name': 'HierarchyType', 'perms': {'delete': True, 'add': True, 'change': True}, 'admin_url': '/admin/auths/hierarchytype/', 'add_url': '/admin/auths/hierarchytype/add/', 'name': <django.utils.functional.lazy.<locals>.__proxy__ object at 0x7f1b9a0de0f0>}, {'object_name': 'Hierarchy', 'perms': {'delete': True, 'add': True, 'change': True}, 'admin_url': '/admin/auths/hierarchy/', 'add_url': '/admin/auths/hierarchy/add/', 'name': <django.utils.functional.lazy.<locals>.__proxy__ object at 0x7f1b9a0d9a58>}, {'object_name': 'Menu', 'perms': {'delete': True, 'add': True, 'change': True}, 'admin_url': '/admin/auths/menu/', 'add_url': '/admin/auths/menu/add/', 'name': <django.utils.functional.lazy.<locals>.__proxy__ object at 0x7f1b9a0d9f28>}, {'object_name': 'Person', 'perms': {'delete': True, 'add': True, 'change': True}, 'admin_url': '/admin/auths/person/', 'add_url': '/admin/auths/person/add/', 'name': <django.utils.functional.lazy.<locals>.__proxy__ object at 0x7f1b9a0de128>}, {'object_name': 'UserHierarchyGroup', 'perms': {'delete': True, 'add': True, 'change': True}, 'admin_url': '/admin/auths/userhierarchygroup/', 'add_url': '/admin/auths/userhierarchygroup/add/', 'name': <django.utils.functional.lazy.<locals>.__proxy__ object at 0x7f1b9a0d9dd8>}, {'object_name': 'UserHierarchyPermission', 'perms': {'delete': True, 'add': True, 'change': True}, 'admin_url': '/admin/auths/userhierarchypermission/', 'add_url': '/admin/auths/userhierarchypermission/add/', 'name': <django.utils.functional.lazy.<locals>.__proxy__ object at 0x7f1b9a0d9ac8>}, {'object_name': 'User', 'perms': {'delete': True, 'add': True, 'change': True}, 'admin_url': '/admin/auths/user/', 'add_url': '/admin/auths/user/add/', 'name': <django.utils.functional.lazy.<locals>.__proxy__ object at 0x7f1b9a0d9c18>}], 'app_url': '/admin/auths/', 'app_label': 'auths', 'name': 'Auths'}, {'has_module_perms': True, 'models': [{'object_name': 'AccessToken', 'perms': {'delete': True, 'add': True, 'change': True}, 'admin_url': '/admin/oauth2_provider/accesstoken/', 'add_url': '/admin/oauth2_provider/accesstoken/add/', 'name': <django.utils.functional.lazy.<locals>.__proxy__ object at 0x7f1b9a0cea20>}, {'object_name': 'Application', 'perms': {'delete': True, 'add': True, 'change': True}, 'admin_url': '/admin/oauth2_provider/application/', 'add_url': '/admin/oauth2_provider/application/add/', 'name': <django.utils.functional.lazy.<locals>.__proxy__ object at 0x7f1b9a0d9b70>}, {'object_name': 'Grant', 'perms': {'delete': True, 'add': True, 'change': True}, 'admin_url': '/admin/oauth2_provider/grant/', 'add_url': '/admin/oauth2_provider/grant/add/', 'name': <django.utils.functional.lazy.<locals>.__proxy__ object at 0x7f1b9a0d9d68>}, {'object_name': 'RefreshToken', 'perms': {'delete': True, 'add': True, 'change': True}, 'admin_url': '/admin/oauth2_provider/refreshtoken/', 'add_url': '/admin/oauth2_provider/refreshtoken/add/', 'name': <django.utils.functional.lazy.<locals>.__proxy__ object at 0x7f1b9a0d9b00>}], 'app_url': '/admin/oauth2_provider/', 'app_label': 'oauth2_provider', 'name': 'Django OAuth Toolkit'}, {'has_module_perms': True, 'models': [{'object_name': 'ContentType', 'perms': {'delete': True, 'add': True, 'change': True}, 'admin_url': '/admin/contenttypes/contenttype/', 'add_url': '/admin/contenttypes/contenttype/add/', 'name': <django.utils.functional.lazy.<locals>.__proxy__ object at 0x7f1b9a0d9c88>}], 'app_url': '/admin/contenttypes/', 'app_label': 'contenttypes', 'name': <django.utils.functional.lazy.<locals>.__proxy__ object at 0x7f1ba11a7d68>}, {'has_module_perms': True, 'models': [{'object_name': 'Antecedentemedico', 'perms': {'delete': True, 'add': True, 'change': True}, 'admin_url': '/admin/topico2/antecedentemedico/', 'add_url': '/admin/topico2/antecedentemedico/add/', 'name': 'Antecedentemedicos'}, {'object_name': 'Consulta', 'perms': {'delete': True, 'add': True, 'change': True}, 'admin_url': '/admin/topico2/consulta/', 'add_url': '/admin/topico2/consulta/add/', 'name': 'Consultas'}, {'object_name': 'Departamento', 'perms': {'delete': True, 'add': True, 'change': True}, 'admin_url': '/admin/topico2/departamento/', 'add_url': '/admin/topico2/departamento/add/', 'name': 'Departamentos'}, {'object_name': 'Derivacion', 'perms': {'delete': True, 'add': True, 'change': True}, 'admin_url': '/admin/topico2/derivacion/', 'add_url': '/admin/topico2/derivacion/add/', 'name': 'Derivacions'}, {'object_name': 'Diagnostico', 'perms': {'delete': True, 'add': True, 'change': True}, 'admin_url': '/admin/topico2/diagnostico/', 'add_url': '/admin/topico2/diagnostico/add/', 'name': 'Diagnosticos'}, {'object_name': 'EspecificacionReceta', 'perms': {'delete': True, 'add': True, 'change': True}, 'admin_url': '/admin/topico2/especificacionreceta/', 'add_url': '/admin/topico2/especificacionreceta/add/', 'name': 'EspecificacionRecetas'}, {'object_name': 'Funcionvital', 'perms': {'delete': True, 'add': True, 'change': True}, 'admin_url': '/admin/topico2/funcionvital/', 'add_url': '/admin/topico2/funcionvital/add/', 'name': 'Funcionvitals'}, {'object_name': 'Historia', 'perms': {'delete': True, 'add': True, 'change': True}, 'admin_url': '/admin/topico2/historia/', 'add_url': '/admin/topico2/historia/add/', 'name': 'Historias'}, {'object_name': 'Medicamento', 'perms': {'delete': True, 'add': True, 'change': True}, 'admin_url': '/admin/topico2/medicamento/', 'add_url': '/admin/topico2/medicamento/add/', 'name': 'Medicamentos'}, {'object_name': 'Paciente', 'perms': {'delete': True, 'add': True, 'change': True}, 'admin_url': '/admin/topico2/paciente/', 'add_url': '/admin/topico2/paciente/add/', 'name': 'Pacientes'}, {'object_name': 'Tratamiento', 'perms': {'delete': True, 'add': True, 'change': True}, 'admin_url': '/admin/topico2/tratamiento/', 'add_url': '/admin/topico2/tratamiento/add/', 'name': 'Tratamientos'}], 'app_url': '/admin/topico2/', 'app_label': 'topico2', 'name': 'Topico2'}]}]"
[2016-12-02 03:03:47] DEBUG [django.template:929] Exception while resolving variable 'is_popup' in template 'admin/index.html'.
Traceback (most recent call last):
  File "/home/eleuterio/.virtualenvs/medicfastv2/lib/python3.5/site-packages/django/template/base.py", line 885, in _resolve_lookup
    current = current[bit]
  File "/home/eleuterio/.virtualenvs/medicfastv2/lib/python3.5/site-packages/django/template/context.py", line 75, in __getitem__
    raise KeyError(key)
KeyError: 'is_popup'

During handling of the above exception, another exception occurred:

Traceback (most recent call last):
  File "/home/eleuterio/.virtualenvs/medicfastv2/lib/python3.5/site-packages/django/template/base.py", line 891, in _resolve_lookup
    if isinstance(current, BaseContext) and getattr(type(current), bit):
AttributeError: type object 'RequestContext' has no attribute 'is_popup'

During handling of the above exception, another exception occurred:

Traceback (most recent call last):
  File "/home/eleuterio/.virtualenvs/medicfastv2/lib/python3.5/site-packages/django/template/base.py", line 900, in _resolve_lookup
    current = current[int(bit)]
ValueError: invalid literal for int() with base 10: 'is_popup'

During handling of the above exception, another exception occurred:

Traceback (most recent call last):
  File "/home/eleuterio/.virtualenvs/medicfastv2/lib/python3.5/site-packages/django/template/base.py", line 907, in _resolve_lookup
    (bit, current))  # missing attribute
django.template.base.VariableDoesNotExist: Failed lookup for key [is_popup] in "[{'None': None, 'False': False, 'True': True}, {'DEFAULT_MESSAGE_LEVELS': {'WARNING': 30, 'ERROR': 40, 'INFO': 20, 'DEBUG': 10, 'SUCCESS': 25}, 'user': <SimpleLazyObject: <User: admin>>, 'csrf_token': <SimpleLazyObject: <function csrf.<locals>._get_val at 0x7f1b9a0da730>>, 'request': <WSGIRequest: GET '/admin/'>, 'messages': <django.contrib.messages.storage.fallback.FallbackStorage object at 0x7f1b9ac26898>, 'perms': <django.contrib.auth.context_processors.PermWrapper object at 0x7f1b9a0ceac8>}, {}, {'LANGUAGE_CODE': 'es', 'site_url': '/', 'title': <django.utils.functional.lazy.<locals>.__proxy__ object at 0x7f1ba12327b8>, 'has_permission': True, 'site_header': <django.utils.functional.lazy.<locals>.__proxy__ object at 0x7f1ba1215128>, 'LANGUAGE_BIDI': False, 'site_title': <django.utils.functional.lazy.<locals>.__proxy__ object at 0x7f1ba1215080>, 'available_apps': [{'has_module_perms': True, 'models': [{'object_name': 'Group', 'perms': {'delete': True, 'add': True, 'change': True}, 'admin_url': '/admin/auth/group/', 'add_url': '/admin/auth/group/add/', 'name': <django.utils.functional.lazy.<locals>.__proxy__ object at 0x7f1b9a12b588>}, {'object_name': 'Permission', 'perms': {'delete': True, 'add': True, 'change': True}, 'admin_url': '/admin/auth/permission/', 'add_url': '/admin/auth/permission/add/', 'name': <django.utils.functional.lazy.<locals>.__proxy__ object at 0x7f1b9a12b860>}], 'app_url': '/admin/auth/', 'app_label': 'auth', 'name': <django.utils.functional.lazy.<locals>.__proxy__ object at 0x7f1ba1281f98>}, {'has_module_perms': True, 'models': [{'object_name': 'HierarchyType', 'perms': {'delete': True, 'add': True, 'change': True}, 'admin_url': '/admin/auths/hierarchytype/', 'add_url': '/admin/auths/hierarchytype/add/', 'name': <django.utils.functional.lazy.<locals>.__proxy__ object at 0x7f1b9a12b518>}, {'object_name': 'Hierarchy', 'perms': {'delete': True, 'add': True, 'change': True}, 'admin_url': '/admin/auths/hierarchy/', 'add_url': '/admin/auths/hierarchy/add/', 'name': <django.utils.functional.lazy.<locals>.__proxy__ object at 0x7f1b9a1db9e8>}, {'object_name': 'Menu', 'perms': {'delete': True, 'add': True, 'change': True}, 'admin_url': '/admin/auths/menu/', 'add_url': '/admin/auths/menu/add/', 'name': <django.utils.functional.lazy.<locals>.__proxy__ object at 0x7f1b9a12bcf8>}, {'object_name': 'Person', 'perms': {'delete': True, 'add': True, 'change': True}, 'admin_url': '/admin/auths/person/', 'add_url': '/admin/auths/person/add/', 'name': <django.utils.functional.lazy.<locals>.__proxy__ object at 0x7f1b9a12b1d0>}, {'object_name': 'UserHierarchyGroup', 'perms': {'delete': True, 'add': True, 'change': True}, 'admin_url': '/admin/auths/userhierarchygroup/', 'add_url': '/admin/auths/userhierarchygroup/add/', 'name': <django.utils.functional.lazy.<locals>.__proxy__ object at 0x7f1b9a12b8d0>}, {'object_name': 'UserHierarchyPermission', 'perms': {'delete': True, 'add': True, 'change': True}, 'admin_url': '/admin/auths/userhierarchypermission/', 'add_url': '/admin/auths/userhierarchypermission/add/', 'name': <django.utils.functional.lazy.<locals>.__proxy__ object at 0x7f1b9a12b320>}, {'object_name': 'User', 'perms': {'delete': True, 'add': True, 'change': True}, 'admin_url': '/admin/auths/user/', 'add_url': '/admin/auths/user/add/', 'name': <django.utils.functional.lazy.<locals>.__proxy__ object at 0x7f1b9a12bcc0>}], 'app_url': '/admin/auths/', 'app_label': 'auths', 'name': 'Auths'}, {'has_module_perms': True, 'models': [{'object_name': 'AccessToken', 'perms': {'delete': True, 'add': True, 'change': True}, 'admin_url': '/admin/oauth2_provider/accesstoken/', 'add_url': '/admin/oauth2_provider/accesstoken/add/', 'name': <django.utils.functional.lazy.<locals>.__proxy__ object at 0x7f1b9a12bc50>}, {'object_name': 'Application', 'perms': {'delete': True, 'add': True, 'change': True}, 'admin_url': '/admin/oauth2_provider/application/', 'add_url': '/admin/oauth2_provider/application/add/', 'name': <django.utils.functional.lazy.<locals>.__proxy__ object at 0x7f1b9a12b6a0>}, {'object_name': 'Grant', 'perms': {'delete': True, 'add': True, 'change': True}, 'admin_url': '/admin/oauth2_provider/grant/', 'add_url': '/admin/oauth2_provider/grant/add/', 'name': <django.utils.functional.lazy.<locals>.__proxy__ object at 0x7f1b9a12b5f8>}, {'object_name': 'RefreshToken', 'perms': {'delete': True, 'add': True, 'change': True}, 'admin_url': '/admin/oauth2_provider/refreshtoken/', 'add_url': '/admin/oauth2_provider/refreshtoken/add/', 'name': <django.utils.functional.lazy.<locals>.__proxy__ object at 0x7f1b9a12b2b0>}], 'app_url': '/admin/oauth2_provider/', 'app_label': 'oauth2_provider', 'name': 'Django OAuth Toolkit'}, {'has_module_perms': True, 'models': [{'object_name': 'ContentType', 'perms': {'delete': True, 'add': True, 'change': True}, 'admin_url': '/admin/contenttypes/contenttype/', 'add_url': '/admin/contenttypes/contenttype/add/', 'name': <django.utils.functional.lazy.<locals>.__proxy__ object at 0x7f1b9a12b198>}], 'app_url': '/admin/contenttypes/', 'app_label': 'contenttypes', 'name': <django.utils.functional.lazy.<locals>.__proxy__ object at 0x7f1ba11a7d68>}, {'has_module_perms': True, 'models': [{'object_name': 'Antecedentemedico', 'perms': {'delete': True, 'add': True, 'change': True}, 'admin_url': '/admin/topico2/antecedentemedico/', 'add_url': '/admin/topico2/antecedentemedico/add/', 'name': 'Antecedentemedicos'}, {'object_name': 'Consulta', 'perms': {'delete': True, 'add': True, 'change': True}, 'admin_url': '/admin/topico2/consulta/', 'add_url': '/admin/topico2/consulta/add/', 'name': 'Consultas'}, {'object_name': 'Departamento', 'perms': {'delete': True, 'add': True, 'change': True}, 'admin_url': '/admin/topico2/departamento/', 'add_url': '/admin/topico2/departamento/add/', 'name': 'Departamentos'}, {'object_name': 'Derivacion', 'perms': {'delete': True, 'add': True, 'change': True}, 'admin_url': '/admin/topico2/derivacion/', 'add_url': '/admin/topico2/derivacion/add/', 'name': 'Derivacions'}, {'object_name': 'Diagnostico', 'perms': {'delete': True, 'add': True, 'change': True}, 'admin_url': '/admin/topico2/diagnostico/', 'add_url': '/admin/topico2/diagnostico/add/', 'name': 'Diagnosticos'}, {'object_name': 'EspecificacionReceta', 'perms': {'delete': True, 'add': True, 'change': True}, 'admin_url': '/admin/topico2/especificacionreceta/', 'add_url': '/admin/topico2/especificacionreceta/add/', 'name': 'EspecificacionRecetas'}, {'object_name': 'Funcionvital', 'perms': {'delete': True, 'add': True, 'change': True}, 'admin_url': '/admin/topico2/funcionvital/', 'add_url': '/admin/topico2/funcionvital/add/', 'name': 'Funcionvitals'}, {'object_name': 'Historia', 'perms': {'delete': True, 'add': True, 'change': True}, 'admin_url': '/admin/topico2/historia/', 'add_url': '/admin/topico2/historia/add/', 'name': 'Historias'}, {'object_name': 'Medicamento', 'perms': {'delete': True, 'add': True, 'change': True}, 'admin_url': '/admin/topico2/medicamento/', 'add_url': '/admin/topico2/medicamento/add/', 'name': 'Medicamentos'}, {'object_name': 'Paciente', 'perms': {'delete': True, 'add': True, 'change': True}, 'admin_url': '/admin/topico2/paciente/', 'add_url': '/admin/topico2/paciente/add/', 'name': 'Pacientes'}, {'object_name': 'Tratamiento', 'perms': {'delete': True, 'add': True, 'change': True}, 'admin_url': '/admin/topico2/tratamiento/', 'add_url': '/admin/topico2/tratamiento/add/', 'name': 'Tratamientos'}], 'app_url': '/admin/topico2/', 'app_label': 'topico2', 'name': 'Topico2'}], 'app_list': [{'has_module_perms': True, 'models': [{'object_name': 'Group', 'perms': {'delete': True, 'add': True, 'change': True}, 'admin_url': '/admin/auth/group/', 'add_url': '/admin/auth/group/add/', 'name': <django.utils.functional.lazy.<locals>.__proxy__ object at 0x7f1b9a1db898>}, {'object_name': 'Permission', 'perms': {'delete': True, 'add': True, 'change': True}, 'admin_url': '/admin/auth/permission/', 'add_url': '/admin/auth/permission/add/', 'name': <django.utils.functional.lazy.<locals>.__proxy__ object at 0x7f1b9a155cf8>}], 'app_url': '/admin/auth/', 'app_label': 'auth', 'name': <django.utils.functional.lazy.<locals>.__proxy__ object at 0x7f1ba1281f98>}, {'has_module_perms': True, 'models': [{'object_name': 'HierarchyType', 'perms': {'delete': True, 'add': True, 'change': True}, 'admin_url': '/admin/auths/hierarchytype/', 'add_url': '/admin/auths/hierarchytype/add/', 'name': <django.utils.functional.lazy.<locals>.__proxy__ object at 0x7f1b9a1db780>}, {'object_name': 'Hierarchy', 'perms': {'delete': True, 'add': True, 'change': True}, 'admin_url': '/admin/auths/hierarchy/', 'add_url': '/admin/auths/hierarchy/add/', 'name': <django.utils.functional.lazy.<locals>.__proxy__ object at 0x7f1b9ac26390>}, {'object_name': 'Menu', 'perms': {'delete': True, 'add': True, 'change': True}, 'admin_url': '/admin/auths/menu/', 'add_url': '/admin/auths/menu/add/', 'name': <django.utils.functional.lazy.<locals>.__proxy__ object at 0x7f1b9a17afd0>}, {'object_name': 'Person', 'perms': {'delete': True, 'add': True, 'change': True}, 'admin_url': '/admin/auths/person/', 'add_url': '/admin/auths/person/add/', 'name': <django.utils.functional.lazy.<locals>.__proxy__ object at 0x7f1b9a155d68>}, {'object_name': 'UserHierarchyGroup', 'perms': {'delete': True, 'add': True, 'change': True}, 'admin_url': '/admin/auths/userhierarchygroup/', 'add_url': '/admin/auths/userhierarchygroup/add/', 'name': <django.utils.functional.lazy.<locals>.__proxy__ object at 0x7f1b9a1db518>}, {'object_name': 'UserHierarchyPermission', 'perms': {'delete': True, 'add': True, 'change': True}, 'admin_url': '/admin/auths/userhierarchypermission/', 'add_url': '/admin/auths/userhierarchypermission/add/', 'name': <django.utils.functional.lazy.<locals>.__proxy__ object at 0x7f1b9a17a080>}, {'object_name': 'User', 'perms': {'delete': True, 'add': True, 'change': True}, 'admin_url': '/admin/auths/user/', 'add_url': '/admin/auths/user/add/', 'name': <django.utils.functional.lazy.<locals>.__proxy__ object at 0x7f1b9a17a198>}], 'app_url': '/admin/auths/', 'app_label': 'auths', 'name': 'Auths'}, {'has_module_perms': True, 'models': [{'object_name': 'AccessToken', 'perms': {'delete': True, 'add': True, 'change': True}, 'admin_url': '/admin/oauth2_provider/accesstoken/', 'add_url': '/admin/oauth2_provider/accesstoken/add/', 'name': <django.utils.functional.lazy.<locals>.__proxy__ object at 0x7f1b9a1db7f0>}, {'object_name': 'Application', 'perms': {'delete': True, 'add': True, 'change': True}, 'admin_url': '/admin/oauth2_provider/application/', 'add_url': '/admin/oauth2_provider/application/add/', 'name': <django.utils.functional.lazy.<locals>.__proxy__ object at 0x7f1b9a17af98>}, {'object_name': 'Grant', 'perms': {'delete': True, 'add': True, 'change': True}, 'admin_url': '/admin/oauth2_provider/grant/', 'add_url': '/admin/oauth2_provider/grant/add/', 'name': <django.utils.functional.lazy.<locals>.__proxy__ object at 0x7f1b9a17af60>}, {'object_name': 'RefreshToken', 'perms': {'delete': True, 'add': True, 'change': True}, 'admin_url': '/admin/oauth2_provider/refreshtoken/', 'add_url': '/admin/oauth2_provider/refreshtoken/add/', 'name': <django.utils.functional.lazy.<locals>.__proxy__ object at 0x7f1b9a17a160>}], 'app_url': '/admin/oauth2_provider/', 'app_label': 'oauth2_provider', 'name': 'Django OAuth Toolkit'}, {'has_module_perms': True, 'models': [{'object_name': 'ContentType', 'perms': {'delete': True, 'add': True, 'change': True}, 'admin_url': '/admin/contenttypes/contenttype/', 'add_url': '/admin/contenttypes/contenttype/add/', 'name': <django.utils.functional.lazy.<locals>.__proxy__ object at 0x7f1b9a1db710>}], 'app_url': '/admin/contenttypes/', 'app_label': 'contenttypes', 'name': <django.utils.functional.lazy.<locals>.__proxy__ object at 0x7f1ba11a7d68>}, {'has_module_perms': True, 'models': [{'object_name': 'Antecedentemedico', 'perms': {'delete': True, 'add': True, 'change': True}, 'admin_url': '/admin/topico2/antecedentemedico/', 'add_url': '/admin/topico2/antecedentemedico/add/', 'name': 'Antecedentemedicos'}, {'object_name': 'Consulta', 'perms': {'delete': True, 'add': True, 'change': True}, 'admin_url': '/admin/topico2/consulta/', 'add_url': '/admin/topico2/consulta/add/', 'name': 'Consultas'}, {'object_name': 'Departamento', 'perms': {'delete': True, 'add': True, 'change': True}, 'admin_url': '/admin/topico2/departamento/', 'add_url': '/admin/topico2/departamento/add/', 'name': 'Departamentos'}, {'object_name': 'Derivacion', 'perms': {'delete': True, 'add': True, 'change': True}, 'admin_url': '/admin/topico2/derivacion/', 'add_url': '/admin/topico2/derivacion/add/', 'name': 'Derivacions'}, {'object_name': 'Diagnostico', 'perms': {'delete': True, 'add': True, 'change': True}, 'admin_url': '/admin/topico2/diagnostico/', 'add_url': '/admin/topico2/diagnostico/add/', 'name': 'Diagnosticos'}, {'object_name': 'EspecificacionReceta', 'perms': {'delete': True, 'add': True, 'change': True}, 'admin_url': '/admin/topico2/especificacionreceta/', 'add_url': '/admin/topico2/especificacionreceta/add/', 'name': 'EspecificacionRecetas'}, {'object_name': 'Funcionvital', 'perms': {'delete': True, 'add': True, 'change': True}, 'admin_url': '/admin/topico2/funcionvital/', 'add_url': '/admin/topico2/funcionvital/add/', 'name': 'Funcionvitals'}, {'object_name': 'Historia', 'perms': {'delete': True, 'add': True, 'change': True}, 'admin_url': '/admin/topico2/historia/', 'add_url': '/admin/topico2/historia/add/', 'name': 'Historias'}, {'object_name': 'Medicamento', 'perms': {'delete': True, 'add': True, 'change': True}, 'admin_url': '/admin/topico2/medicamento/', 'add_url': '/admin/topico2/medicamento/add/', 'name': 'Medicamentos'}, {'object_name': 'Paciente', 'perms': {'delete': True, 'add': True, 'change': True}, 'admin_url': '/admin/topico2/paciente/', 'add_url': '/admin/topico2/paciente/add/', 'name': 'Pacientes'}, {'object_name': 'Tratamiento', 'perms': {'delete': True, 'add': True, 'change': True}, 'admin_url': '/admin/topico2/tratamiento/', 'add_url': '/admin/topico2/tratamiento/add/', 'name': 'Tratamientos'}], 'app_url': '/admin/topico2/', 'app_label': 'topico2', 'name': 'Topico2'}]}]"
[2016-12-02 03:03:47] DEBUG [django.db.backends:90] (0.011) SELECT "django_admin_log"."id", "django_admin_log"."action_time", "django_admin_log"."user_id", "django_admin_log"."content_type_id", "django_admin_log"."object_id", "django_admin_log"."object_repr", "django_admin_log"."action_flag", "django_admin_log"."change_message", "auths_user"."password", "auths_user"."last_login", "auths_user"."is_superuser", "auths_user"."username", "auths_user"."first_name", "auths_user"."last_name", "auths_user"."email", "auths_user"."is_staff", "auths_user"."is_active", "auths_user"."date_joined", "auths_user"."id", "auths_user"."last_hierarchy_id", "auths_user"."last_module_id", "auths_user"."person_id", "auths_user"."updated_at", "auths_user"."registered_by", "django_content_type"."id", "django_content_type"."app_label", "django_content_type"."model" FROM "django_admin_log" INNER JOIN "auths_user" ON ("django_admin_log"."user_id" = "auths_user"."id") LEFT OUTER JOIN "django_content_type" ON ("django_admin_log"."content_type_id" = "django_content_type"."id") WHERE "django_admin_log"."user_id" = '01e659bc77a5436f9fc859d23a77e6aa' ORDER BY "django_admin_log"."action_time" DESC LIMIT 10; args=('01e659bc77a5436f9fc859d23a77e6aa',)
[2016-12-02 03:03:47] DEBUG [django.db.backends:90] (0.006) SELECT "django_admin_log"."id", "django_admin_log"."action_time", "django_admin_log"."user_id", "django_admin_log"."content_type_id", "django_admin_log"."object_id", "django_admin_log"."object_repr", "django_admin_log"."action_flag", "django_admin_log"."change_message", "auths_user"."password", "auths_user"."last_login", "auths_user"."is_superuser", "auths_user"."username", "auths_user"."first_name", "auths_user"."last_name", "auths_user"."email", "auths_user"."is_staff", "auths_user"."is_active", "auths_user"."date_joined", "auths_user"."id", "auths_user"."last_hierarchy_id", "auths_user"."last_module_id", "auths_user"."person_id", "auths_user"."updated_at", "auths_user"."registered_by", "django_content_type"."id", "django_content_type"."app_label", "django_content_type"."model" FROM "django_admin_log" INNER JOIN "auths_user" ON ("django_admin_log"."user_id" = "auths_user"."id") LEFT OUTER JOIN "django_content_type" ON ("django_admin_log"."content_type_id" = "django_content_type"."id") WHERE "django_admin_log"."user_id" = '01e659bc77a5436f9fc859d23a77e6aa' ORDER BY "django_admin_log"."action_time" DESC LIMIT 10; args=('01e659bc77a5436f9fc859d23a77e6aa',)
[2016-12-02 03:03:47] INFO [django.server:131] "GET /admin/ HTTP/1.1" 200 17153
[2016-12-02 03:03:47] INFO [django.server:131] "GET /admin/ HTTP/1.1" 200 17153
[2016-12-02 03:03:47] DEBUG [django.template:929] Exception while resolving variable 'name' in template 'unknown'.
Traceback (most recent call last):
  File "/home/eleuterio/.virtualenvs/medicfastv2/lib/python3.5/site-packages/django/core/handlers/exception.py", line 39, in inner
    response = get_response(request)
  File "/home/eleuterio/.virtualenvs/medicfastv2/lib/python3.5/site-packages/django/core/handlers/base.py", line 249, in _legacy_get_response
    response = self._get_response(request)
  File "/home/eleuterio/.virtualenvs/medicfastv2/lib/python3.5/site-packages/django/core/handlers/base.py", line 172, in _get_response
    resolver_match = resolver.resolve(request.path_info)
  File "/home/eleuterio/.virtualenvs/medicfastv2/lib/python3.5/site-packages/django/urls/resolvers.py", line 300, in resolve
    raise Resolver404({'tried': tried, 'path': new_path})
django.urls.exceptions.Resolver404: {'tried': [[<RegexURLResolver <RegexURLPattern list> (admin:admin) ^admin/>], [<RegexURLResolver <module 'django.contrib.admindocs.urls' from '/home/eleuterio/.virtualenvs/medicfastv2/lib/python3.5/site-packages/django/contrib/admindocs/urls.py'> (None:None) ^admin/doc/>], [<RegexURLResolver <module 'rest_framework.urls' from '/home/eleuterio/.virtualenvs/medicfastv2/lib/python3.5/site-packages/rest_framework/urls.py'> (rest_framework:rest_framework) ^api-auth/>], [<RegexURLResolver <module 'oauth2_provider.urls' from '/home/eleuterio/.virtualenvs/medicfastv2/lib/python3.5/site-packages/oauth2_provider/urls.py'> (None:oauth2_provider) ^o/>], [<RegexURLResolver <module 'medicfastv2_service_apps.auths_api.urls' from '/home/eleuterio/proyectos/MedicFastv2/medicfastv2_service/medicfastv2_service_apps/auths_api/urls.py'> (None:None) ^api/auths/>], [<RegexURLResolver <module 'medicfastv2_service_apps.topico2_api.urls' from '/home/eleuterio/proyectos/MedicFastv2/medicfastv2_service/medicfastv2_service_apps/topico2_api/urls.py'> (None:None) ^api/topico2/>]], 'path': 'favicon.ico'}

During handling of the above exception, another exception occurred:

Traceback (most recent call last):
  File "/home/eleuterio/.virtualenvs/medicfastv2/lib/python3.5/site-packages/django/template/base.py", line 885, in _resolve_lookup
    current = current[bit]
TypeError: 'RegexURLResolver' object is not subscriptable

During handling of the above exception, another exception occurred:

Traceback (most recent call last):
  File "/home/eleuterio/.virtualenvs/medicfastv2/lib/python3.5/site-packages/django/template/base.py", line 893, in _resolve_lookup
    current = getattr(current, bit)
AttributeError: 'RegexURLResolver' object has no attribute 'name'

During handling of the above exception, another exception occurred:

Traceback (most recent call last):
  File "/home/eleuterio/.virtualenvs/medicfastv2/lib/python3.5/site-packages/django/template/base.py", line 900, in _resolve_lookup
    current = current[int(bit)]
ValueError: invalid literal for int() with base 10: 'name'

During handling of the above exception, another exception occurred:

Traceback (most recent call last):
  File "/home/eleuterio/.virtualenvs/medicfastv2/lib/python3.5/site-packages/django/template/base.py", line 907, in _resolve_lookup
    (bit, current))  # missing attribute
django.template.base.VariableDoesNotExist: Failed lookup for key [name] in '<RegexURLResolver <RegexURLPattern list> (admin:admin) ^admin/>'
[2016-12-02 03:03:47] DEBUG [django.template:929] Exception while resolving variable 'name' in template 'unknown'.
Traceback (most recent call last):
  File "/home/eleuterio/.virtualenvs/medicfastv2/lib/python3.5/site-packages/django/core/handlers/exception.py", line 39, in inner
    response = get_response(request)
  File "/home/eleuterio/.virtualenvs/medicfastv2/lib/python3.5/site-packages/django/core/handlers/base.py", line 249, in _legacy_get_response
    response = self._get_response(request)
  File "/home/eleuterio/.virtualenvs/medicfastv2/lib/python3.5/site-packages/django/core/handlers/base.py", line 172, in _get_response
    resolver_match = resolver.resolve(request.path_info)
  File "/home/eleuterio/.virtualenvs/medicfastv2/lib/python3.5/site-packages/django/urls/resolvers.py", line 300, in resolve
    raise Resolver404({'tried': tried, 'path': new_path})
django.urls.exceptions.Resolver404: {'tried': [[<RegexURLResolver <RegexURLPattern list> (admin:admin) ^admin/>], [<RegexURLResolver <module 'django.contrib.admindocs.urls' from '/home/eleuterio/.virtualenvs/medicfastv2/lib/python3.5/site-packages/django/contrib/admindocs/urls.py'> (None:None) ^admin/doc/>], [<RegexURLResolver <module 'rest_framework.urls' from '/home/eleuterio/.virtualenvs/medicfastv2/lib/python3.5/site-packages/rest_framework/urls.py'> (rest_framework:rest_framework) ^api-auth/>], [<RegexURLResolver <module 'oauth2_provider.urls' from '/home/eleuterio/.virtualenvs/medicfastv2/lib/python3.5/site-packages/oauth2_provider/urls.py'> (None:oauth2_provider) ^o/>], [<RegexURLResolver <module 'medicfastv2_service_apps.auths_api.urls' from '/home/eleuterio/proyectos/MedicFastv2/medicfastv2_service/medicfastv2_service_apps/auths_api/urls.py'> (None:None) ^api/auths/>], [<RegexURLResolver <module 'medicfastv2_service_apps.topico2_api.urls' from '/home/eleuterio/proyectos/MedicFastv2/medicfastv2_service/medicfastv2_service_apps/topico2_api/urls.py'> (None:None) ^api/topico2/>]], 'path': 'favicon.ico'}

During handling of the above exception, another exception occurred:

Traceback (most recent call last):
  File "/home/eleuterio/.virtualenvs/medicfastv2/lib/python3.5/site-packages/django/template/base.py", line 885, in _resolve_lookup
    current = current[bit]
TypeError: 'RegexURLResolver' object is not subscriptable

During handling of the above exception, another exception occurred:

Traceback (most recent call last):
  File "/home/eleuterio/.virtualenvs/medicfastv2/lib/python3.5/site-packages/django/template/base.py", line 893, in _resolve_lookup
    current = getattr(current, bit)
AttributeError: 'RegexURLResolver' object has no attribute 'name'

During handling of the above exception, another exception occurred:

Traceback (most recent call last):
  File "/home/eleuterio/.virtualenvs/medicfastv2/lib/python3.5/site-packages/django/template/base.py", line 900, in _resolve_lookup
    current = current[int(bit)]
ValueError: invalid literal for int() with base 10: 'name'

During handling of the above exception, another exception occurred:

Traceback (most recent call last):
  File "/home/eleuterio/.virtualenvs/medicfastv2/lib/python3.5/site-packages/django/template/base.py", line 907, in _resolve_lookup
    (bit, current))  # missing attribute
django.template.base.VariableDoesNotExist: Failed lookup for key [name] in "<RegexURLResolver <module 'django.contrib.admindocs.urls' from '/home/eleuterio/.virtualenvs/medicfastv2/lib/python3.5/site-packages/django/contrib/admindocs/urls.py'> (None:None) ^admin/doc/>"
[2016-12-02 03:03:47] DEBUG [django.template:929] Exception while resolving variable 'name' in template 'unknown'.
Traceback (most recent call last):
  File "/home/eleuterio/.virtualenvs/medicfastv2/lib/python3.5/site-packages/django/core/handlers/exception.py", line 39, in inner
    response = get_response(request)
  File "/home/eleuterio/.virtualenvs/medicfastv2/lib/python3.5/site-packages/django/core/handlers/base.py", line 249, in _legacy_get_response
    response = self._get_response(request)
  File "/home/eleuterio/.virtualenvs/medicfastv2/lib/python3.5/site-packages/django/core/handlers/base.py", line 172, in _get_response
    resolver_match = resolver.resolve(request.path_info)
  File "/home/eleuterio/.virtualenvs/medicfastv2/lib/python3.5/site-packages/django/urls/resolvers.py", line 300, in resolve
    raise Resolver404({'tried': tried, 'path': new_path})
django.urls.exceptions.Resolver404: {'tried': [[<RegexURLResolver <RegexURLPattern list> (admin:admin) ^admin/>], [<RegexURLResolver <module 'django.contrib.admindocs.urls' from '/home/eleuterio/.virtualenvs/medicfastv2/lib/python3.5/site-packages/django/contrib/admindocs/urls.py'> (None:None) ^admin/doc/>], [<RegexURLResolver <module 'rest_framework.urls' from '/home/eleuterio/.virtualenvs/medicfastv2/lib/python3.5/site-packages/rest_framework/urls.py'> (rest_framework:rest_framework) ^api-auth/>], [<RegexURLResolver <module 'oauth2_provider.urls' from '/home/eleuterio/.virtualenvs/medicfastv2/lib/python3.5/site-packages/oauth2_provider/urls.py'> (None:oauth2_provider) ^o/>], [<RegexURLResolver <module 'medicfastv2_service_apps.auths_api.urls' from '/home/eleuterio/proyectos/MedicFastv2/medicfastv2_service/medicfastv2_service_apps/auths_api/urls.py'> (None:None) ^api/auths/>], [<RegexURLResolver <module 'medicfastv2_service_apps.topico2_api.urls' from '/home/eleuterio/proyectos/MedicFastv2/medicfastv2_service/medicfastv2_service_apps/topico2_api/urls.py'> (None:None) ^api/topico2/>]], 'path': 'favicon.ico'}

During handling of the above exception, another exception occurred:

Traceback (most recent call last):
  File "/home/eleuterio/.virtualenvs/medicfastv2/lib/python3.5/site-packages/django/template/base.py", line 885, in _resolve_lookup
    current = current[bit]
TypeError: 'RegexURLResolver' object is not subscriptable

During handling of the above exception, another exception occurred:

Traceback (most recent call last):
  File "/home/eleuterio/.virtualenvs/medicfastv2/lib/python3.5/site-packages/django/template/base.py", line 893, in _resolve_lookup
    current = getattr(current, bit)
AttributeError: 'RegexURLResolver' object has no attribute 'name'

During handling of the above exception, another exception occurred:

Traceback (most recent call last):
  File "/home/eleuterio/.virtualenvs/medicfastv2/lib/python3.5/site-packages/django/template/base.py", line 900, in _resolve_lookup
    current = current[int(bit)]
ValueError: invalid literal for int() with base 10: 'name'

During handling of the above exception, another exception occurred:

Traceback (most recent call last):
  File "/home/eleuterio/.virtualenvs/medicfastv2/lib/python3.5/site-packages/django/template/base.py", line 907, in _resolve_lookup
    (bit, current))  # missing attribute
django.template.base.VariableDoesNotExist: Failed lookup for key [name] in "<RegexURLResolver <module 'rest_framework.urls' from '/home/eleuterio/.virtualenvs/medicfastv2/lib/python3.5/site-packages/rest_framework/urls.py'> (rest_framework:rest_framework) ^api-auth/>"
[2016-12-02 03:03:47] DEBUG [django.template:929] Exception while resolving variable 'name' in template 'unknown'.
Traceback (most recent call last):
  File "/home/eleuterio/.virtualenvs/medicfastv2/lib/python3.5/site-packages/django/core/handlers/exception.py", line 39, in inner
    response = get_response(request)
  File "/home/eleuterio/.virtualenvs/medicfastv2/lib/python3.5/site-packages/django/core/handlers/base.py", line 249, in _legacy_get_response
    response = self._get_response(request)
  File "/home/eleuterio/.virtualenvs/medicfastv2/lib/python3.5/site-packages/django/core/handlers/base.py", line 172, in _get_response
    resolver_match = resolver.resolve(request.path_info)
  File "/home/eleuterio/.virtualenvs/medicfastv2/lib/python3.5/site-packages/django/urls/resolvers.py", line 300, in resolve
    raise Resolver404({'tried': tried, 'path': new_path})
django.urls.exceptions.Resolver404: {'tried': [[<RegexURLResolver <RegexURLPattern list> (admin:admin) ^admin/>], [<RegexURLResolver <module 'django.contrib.admindocs.urls' from '/home/eleuterio/.virtualenvs/medicfastv2/lib/python3.5/site-packages/django/contrib/admindocs/urls.py'> (None:None) ^admin/doc/>], [<RegexURLResolver <module 'rest_framework.urls' from '/home/eleuterio/.virtualenvs/medicfastv2/lib/python3.5/site-packages/rest_framework/urls.py'> (rest_framework:rest_framework) ^api-auth/>], [<RegexURLResolver <module 'oauth2_provider.urls' from '/home/eleuterio/.virtualenvs/medicfastv2/lib/python3.5/site-packages/oauth2_provider/urls.py'> (None:oauth2_provider) ^o/>], [<RegexURLResolver <module 'medicfastv2_service_apps.auths_api.urls' from '/home/eleuterio/proyectos/MedicFastv2/medicfastv2_service/medicfastv2_service_apps/auths_api/urls.py'> (None:None) ^api/auths/>], [<RegexURLResolver <module 'medicfastv2_service_apps.topico2_api.urls' from '/home/eleuterio/proyectos/MedicFastv2/medicfastv2_service/medicfastv2_service_apps/topico2_api/urls.py'> (None:None) ^api/topico2/>]], 'path': 'favicon.ico'}

During handling of the above exception, another exception occurred:

Traceback (most recent call last):
  File "/home/eleuterio/.virtualenvs/medicfastv2/lib/python3.5/site-packages/django/template/base.py", line 885, in _resolve_lookup
    current = current[bit]
TypeError: 'RegexURLResolver' object is not subscriptable

During handling of the above exception, another exception occurred:

Traceback (most recent call last):
  File "/home/eleuterio/.virtualenvs/medicfastv2/lib/python3.5/site-packages/django/template/base.py", line 893, in _resolve_lookup
    current = getattr(current, bit)
AttributeError: 'RegexURLResolver' object has no attribute 'name'

During handling of the above exception, another exception occurred:

Traceback (most recent call last):
  File "/home/eleuterio/.virtualenvs/medicfastv2/lib/python3.5/site-packages/django/template/base.py", line 900, in _resolve_lookup
    current = current[int(bit)]
ValueError: invalid literal for int() with base 10: 'name'

During handling of the above exception, another exception occurred:

Traceback (most recent call last):
  File "/home/eleuterio/.virtualenvs/medicfastv2/lib/python3.5/site-packages/django/template/base.py", line 907, in _resolve_lookup
    (bit, current))  # missing attribute
django.template.base.VariableDoesNotExist: Failed lookup for key [name] in "<RegexURLResolver <module 'oauth2_provider.urls' from '/home/eleuterio/.virtualenvs/medicfastv2/lib/python3.5/site-packages/oauth2_provider/urls.py'> (None:oauth2_provider) ^o/>"
[2016-12-02 03:03:47] DEBUG [django.template:929] Exception while resolving variable 'name' in template 'unknown'.
Traceback (most recent call last):
  File "/home/eleuterio/.virtualenvs/medicfastv2/lib/python3.5/site-packages/django/core/handlers/exception.py", line 39, in inner
    response = get_response(request)
  File "/home/eleuterio/.virtualenvs/medicfastv2/lib/python3.5/site-packages/django/core/handlers/base.py", line 249, in _legacy_get_response
    response = self._get_response(request)
  File "/home/eleuterio/.virtualenvs/medicfastv2/lib/python3.5/site-packages/django/core/handlers/base.py", line 172, in _get_response
    resolver_match = resolver.resolve(request.path_info)
  File "/home/eleuterio/.virtualenvs/medicfastv2/lib/python3.5/site-packages/django/urls/resolvers.py", line 300, in resolve
    raise Resolver404({'tried': tried, 'path': new_path})
django.urls.exceptions.Resolver404: {'tried': [[<RegexURLResolver <RegexURLPattern list> (admin:admin) ^admin/>], [<RegexURLResolver <module 'django.contrib.admindocs.urls' from '/home/eleuterio/.virtualenvs/medicfastv2/lib/python3.5/site-packages/django/contrib/admindocs/urls.py'> (None:None) ^admin/doc/>], [<RegexURLResolver <module 'rest_framework.urls' from '/home/eleuterio/.virtualenvs/medicfastv2/lib/python3.5/site-packages/rest_framework/urls.py'> (rest_framework:rest_framework) ^api-auth/>], [<RegexURLResolver <module 'oauth2_provider.urls' from '/home/eleuterio/.virtualenvs/medicfastv2/lib/python3.5/site-packages/oauth2_provider/urls.py'> (None:oauth2_provider) ^o/>], [<RegexURLResolver <module 'medicfastv2_service_apps.auths_api.urls' from '/home/eleuterio/proyectos/MedicFastv2/medicfastv2_service/medicfastv2_service_apps/auths_api/urls.py'> (None:None) ^api/auths/>], [<RegexURLResolver <module 'medicfastv2_service_apps.topico2_api.urls' from '/home/eleuterio/proyectos/MedicFastv2/medicfastv2_service/medicfastv2_service_apps/topico2_api/urls.py'> (None:None) ^api/topico2/>]], 'path': 'favicon.ico'}

During handling of the above exception, another exception occurred:

Traceback (most recent call last):
  File "/home/eleuterio/.virtualenvs/medicfastv2/lib/python3.5/site-packages/django/template/base.py", line 885, in _resolve_lookup
    current = current[bit]
TypeError: 'RegexURLResolver' object is not subscriptable

During handling of the above exception, another exception occurred:

Traceback (most recent call last):
  File "/home/eleuterio/.virtualenvs/medicfastv2/lib/python3.5/site-packages/django/template/base.py", line 893, in _resolve_lookup
    current = getattr(current, bit)
AttributeError: 'RegexURLResolver' object has no attribute 'name'

During handling of the above exception, another exception occurred:

Traceback (most recent call last):
  File "/home/eleuterio/.virtualenvs/medicfastv2/lib/python3.5/site-packages/django/template/base.py", line 900, in _resolve_lookup
    current = current[int(bit)]
ValueError: invalid literal for int() with base 10: 'name'

During handling of the above exception, another exception occurred:

Traceback (most recent call last):
  File "/home/eleuterio/.virtualenvs/medicfastv2/lib/python3.5/site-packages/django/template/base.py", line 907, in _resolve_lookup
    (bit, current))  # missing attribute
django.template.base.VariableDoesNotExist: Failed lookup for key [name] in "<RegexURLResolver <module 'medicfastv2_service_apps.auths_api.urls' from '/home/eleuterio/proyectos/MedicFastv2/medicfastv2_service/medicfastv2_service_apps/auths_api/urls.py'> (None:None) ^api/auths/>"
[2016-12-02 03:03:47] DEBUG [django.template:929] Exception while resolving variable 'name' in template 'unknown'.
Traceback (most recent call last):
  File "/home/eleuterio/.virtualenvs/medicfastv2/lib/python3.5/site-packages/django/core/handlers/exception.py", line 39, in inner
    response = get_response(request)
  File "/home/eleuterio/.virtualenvs/medicfastv2/lib/python3.5/site-packages/django/core/handlers/base.py", line 249, in _legacy_get_response
    response = self._get_response(request)
  File "/home/eleuterio/.virtualenvs/medicfastv2/lib/python3.5/site-packages/django/core/handlers/base.py", line 172, in _get_response
    resolver_match = resolver.resolve(request.path_info)
  File "/home/eleuterio/.virtualenvs/medicfastv2/lib/python3.5/site-packages/django/urls/resolvers.py", line 300, in resolve
    raise Resolver404({'tried': tried, 'path': new_path})
django.urls.exceptions.Resolver404: {'tried': [[<RegexURLResolver <RegexURLPattern list> (admin:admin) ^admin/>], [<RegexURLResolver <module 'django.contrib.admindocs.urls' from '/home/eleuterio/.virtualenvs/medicfastv2/lib/python3.5/site-packages/django/contrib/admindocs/urls.py'> (None:None) ^admin/doc/>], [<RegexURLResolver <module 'rest_framework.urls' from '/home/eleuterio/.virtualenvs/medicfastv2/lib/python3.5/site-packages/rest_framework/urls.py'> (rest_framework:rest_framework) ^api-auth/>], [<RegexURLResolver <module 'oauth2_provider.urls' from '/home/eleuterio/.virtualenvs/medicfastv2/lib/python3.5/site-packages/oauth2_provider/urls.py'> (None:oauth2_provider) ^o/>], [<RegexURLResolver <module 'medicfastv2_service_apps.auths_api.urls' from '/home/eleuterio/proyectos/MedicFastv2/medicfastv2_service/medicfastv2_service_apps/auths_api/urls.py'> (None:None) ^api/auths/>], [<RegexURLResolver <module 'medicfastv2_service_apps.topico2_api.urls' from '/home/eleuterio/proyectos/MedicFastv2/medicfastv2_service/medicfastv2_service_apps/topico2_api/urls.py'> (None:None) ^api/topico2/>]], 'path': 'favicon.ico'}

During handling of the above exception, another exception occurred:

Traceback (most recent call last):
  File "/home/eleuterio/.virtualenvs/medicfastv2/lib/python3.5/site-packages/django/template/base.py", line 885, in _resolve_lookup
    current = current[bit]
TypeError: 'RegexURLResolver' object is not subscriptable

During handling of the above exception, another exception occurred:

Traceback (most recent call last):
  File "/home/eleuterio/.virtualenvs/medicfastv2/lib/python3.5/site-packages/django/template/base.py", line 893, in _resolve_lookup
    current = getattr(current, bit)
AttributeError: 'RegexURLResolver' object has no attribute 'name'

During handling of the above exception, another exception occurred:

Traceback (most recent call last):
  File "/home/eleuterio/.virtualenvs/medicfastv2/lib/python3.5/site-packages/django/template/base.py", line 900, in _resolve_lookup
    current = current[int(bit)]
ValueError: invalid literal for int() with base 10: 'name'

During handling of the above exception, another exception occurred:

Traceback (most recent call last):
  File "/home/eleuterio/.virtualenvs/medicfastv2/lib/python3.5/site-packages/django/template/base.py", line 907, in _resolve_lookup
    (bit, current))  # missing attribute
django.template.base.VariableDoesNotExist: Failed lookup for key [name] in "<RegexURLResolver <module 'medicfastv2_service_apps.topico2_api.urls' from '/home/eleuterio/proyectos/MedicFastv2/medicfastv2_service/medicfastv2_service_apps/topico2_api/urls.py'> (None:None) ^api/topico2/>"
[2016-12-02 03:03:47] WARNING [django.request:152] Not Found: /favicon.ico
[2016-12-02 03:03:47] WARNING [django.server:131] "GET /favicon.ico HTTP/1.1" 404 2494
[2016-12-02 03:04:22] INFO [django.server:131] "OPTIONS /api/auths/localuserinfo/ HTTP/1.1" 200 0
[2016-12-02 03:04:22] INFO [django.server:131] "OPTIONS /api/auths/usermenu/ HTTP/1.1" 200 0
[2016-12-02 03:04:24] DEBUG [django.db.backends:90] (0.002) SELECT "auths_menu"."router_json" FROM "auths_menu" ORDER BY "auths_menu"."pos" ASC; args=()
[2016-12-02 03:04:24] INFO [django.server:131] "GET /api/auths/routers/ HTTP/1.1" 200 2
[2016-12-02 03:04:37] DEBUG [django.db.backends:90] (0.003) SELECT "oauth2_provider_application"."id", "oauth2_provider_application"."client_id", "oauth2_provider_application"."user_id", "oauth2_provider_application"."redirect_uris", "oauth2_provider_application"."client_type", "oauth2_provider_application"."authorization_grant_type", "oauth2_provider_application"."client_secret", "oauth2_provider_application"."name", "oauth2_provider_application"."skip_authorization" FROM "oauth2_provider_application" WHERE "oauth2_provider_application"."client_id" = 'XHJWk31Fzj0uLmx49TZ8zJ1Dti31HAUTKrPNuf65'; args=('XHJWk31Fzj0uLmx49TZ8zJ1Dti31HAUTKrPNuf65',)
[2016-12-02 03:04:37] DEBUG [django.db.backends:90] (0.000) SELECT "auths_user"."password", "auths_user"."last_login", "auths_user"."is_superuser", "auths_user"."username", "auths_user"."first_name", "auths_user"."last_name", "auths_user"."email", "auths_user"."is_staff", "auths_user"."is_active", "auths_user"."date_joined", "auths_user"."id", "auths_user"."last_hierarchy_id", "auths_user"."last_module_id", "auths_user"."person_id", "auths_user"."updated_at", "auths_user"."registered_by" FROM "auths_user" WHERE "auths_user"."username" = 'admin'; args=('admin',)
[2016-12-02 03:04:37] WARNING [django.server:131] "POST /o/token/ HTTP/1.1" 401 77
[2016-12-02 03:04:43] DEBUG [django.db.backends:90] (0.002) SELECT "oauth2_provider_application"."id", "oauth2_provider_application"."client_id", "oauth2_provider_application"."user_id", "oauth2_provider_application"."redirect_uris", "oauth2_provider_application"."client_type", "oauth2_provider_application"."authorization_grant_type", "oauth2_provider_application"."client_secret", "oauth2_provider_application"."name", "oauth2_provider_application"."skip_authorization" FROM "oauth2_provider_application" WHERE "oauth2_provider_application"."client_id" = 'XHJWk31Fzj0uLmx49TZ8zJ1Dti31HAUTKrPNuf65'; args=('XHJWk31Fzj0uLmx49TZ8zJ1Dti31HAUTKrPNuf65',)
[2016-12-02 03:04:43] DEBUG [django.db.backends:90] (0.000) SELECT "auths_user"."password", "auths_user"."last_login", "auths_user"."is_superuser", "auths_user"."username", "auths_user"."first_name", "auths_user"."last_name", "auths_user"."email", "auths_user"."is_staff", "auths_user"."is_active", "auths_user"."date_joined", "auths_user"."id", "auths_user"."last_hierarchy_id", "auths_user"."last_module_id", "auths_user"."person_id", "auths_user"."updated_at", "auths_user"."registered_by" FROM "auths_user" WHERE "auths_user"."username" = 'admin'; args=('admin',)
[2016-12-02 03:04:43] DEBUG [django.db.backends:90] (0.000) BEGIN; args=None
[2016-12-02 03:04:43] DEBUG [django.db.backends:90] (0.000) INSERT INTO "oauth2_provider_accesstoken" ("user_id", "token", "application_id", "expires", "scope") VALUES ('01e659bc77a5436f9fc859d23a77e6aa', '3cvVfrIbbHI6orHWEvU7vQDt72Ucbg', 1, '2016-12-02 13:04:43.750337', 'read write'); args=['01e659bc77a5436f9fc859d23a77e6aa', '3cvVfrIbbHI6orHWEvU7vQDt72Ucbg', 1, '2016-12-02 13:04:43.750337', 'read write']
[2016-12-02 03:04:43] DEBUG [django.db.backends:90] (0.000) BEGIN; args=None
[2016-12-02 03:04:43] DEBUG [django.db.backends:90] (0.000) INSERT INTO "oauth2_provider_refreshtoken" ("user_id", "token", "application_id", "access_token_id") VALUES ('01e659bc77a5436f9fc859d23a77e6aa', '6ukvlwyp9bSRa2rXbfOSPYbfn3owlZ', 1, 27); args=['01e659bc77a5436f9fc859d23a77e6aa', '6ukvlwyp9bSRa2rXbfOSPYbfn3owlZ', 1, 27]
[2016-12-02 03:04:43] INFO [django.server:131] "POST /o/token/ HTTP/1.1" 200 169
[2016-12-02 03:04:44] DEBUG [django.db.backends:90] (0.003) SELECT "oauth2_provider_accesstoken"."id", "oauth2_provider_accesstoken"."user_id", "oauth2_provider_accesstoken"."token", "oauth2_provider_accesstoken"."application_id", "oauth2_provider_accesstoken"."expires", "oauth2_provider_accesstoken"."scope", "auths_user"."password", "auths_user"."last_login", "auths_user"."is_superuser", "auths_user"."username", "auths_user"."first_name", "auths_user"."last_name", "auths_user"."email", "auths_user"."is_staff", "auths_user"."is_active", "auths_user"."date_joined", "auths_user"."id", "auths_user"."last_hierarchy_id", "auths_user"."last_module_id", "auths_user"."person_id", "auths_user"."updated_at", "auths_user"."registered_by", "oauth2_provider_application"."id", "oauth2_provider_application"."client_id", "oauth2_provider_application"."user_id", "oauth2_provider_application"."redirect_uris", "oauth2_provider_application"."client_type", "oauth2_provider_application"."authorization_grant_type", "oauth2_provider_application"."client_secret", "oauth2_provider_application"."name", "oauth2_provider_application"."skip_authorization" FROM "oauth2_provider_accesstoken" LEFT OUTER JOIN "auths_user" ON ("oauth2_provider_accesstoken"."user_id" = "auths_user"."id") INNER JOIN "oauth2_provider_application" ON ("oauth2_provider_accesstoken"."application_id" = "oauth2_provider_application"."id") WHERE "oauth2_provider_accesstoken"."token" = '3cvVfrIbbHI6orHWEvU7vQDt72Ucbg'; args=('3cvVfrIbbHI6orHWEvU7vQDt72Ucbg',)
[2016-12-02 03:04:44] DEBUG [django.db.backends:90] (0.004) SELECT "oauth2_provider_accesstoken"."id", "oauth2_provider_accesstoken"."user_id", "oauth2_provider_accesstoken"."token", "oauth2_provider_accesstoken"."application_id", "oauth2_provider_accesstoken"."expires", "oauth2_provider_accesstoken"."scope", "auths_user"."password", "auths_user"."last_login", "auths_user"."is_superuser", "auths_user"."username", "auths_user"."first_name", "auths_user"."last_name", "auths_user"."email", "auths_user"."is_staff", "auths_user"."is_active", "auths_user"."date_joined", "auths_user"."id", "auths_user"."last_hierarchy_id", "auths_user"."last_module_id", "auths_user"."person_id", "auths_user"."updated_at", "auths_user"."registered_by", "oauth2_provider_application"."id", "oauth2_provider_application"."client_id", "oauth2_provider_application"."user_id", "oauth2_provider_application"."redirect_uris", "oauth2_provider_application"."client_type", "oauth2_provider_application"."authorization_grant_type", "oauth2_provider_application"."client_secret", "oauth2_provider_application"."name", "oauth2_provider_application"."skip_authorization" FROM "oauth2_provider_accesstoken" LEFT OUTER JOIN "auths_user" ON ("oauth2_provider_accesstoken"."user_id" = "auths_user"."id") INNER JOIN "oauth2_provider_application" ON ("oauth2_provider_accesstoken"."application_id" = "oauth2_provider_application"."id") WHERE "oauth2_provider_accesstoken"."token" = '3cvVfrIbbHI6orHWEvU7vQDt72Ucbg'; args=('3cvVfrIbbHI6orHWEvU7vQDt72Ucbg',)
[2016-12-02 03:04:44] DEBUG [django.db.backends:90] (0.004) SELECT "oauth2_provider_accesstoken"."id", "oauth2_provider_accesstoken"."user_id", "oauth2_provider_accesstoken"."token", "oauth2_provider_accesstoken"."application_id", "oauth2_provider_accesstoken"."expires", "oauth2_provider_accesstoken"."scope", "auths_user"."password", "auths_user"."last_login", "auths_user"."is_superuser", "auths_user"."username", "auths_user"."first_name", "auths_user"."last_name", "auths_user"."email", "auths_user"."is_staff", "auths_user"."is_active", "auths_user"."date_joined", "auths_user"."id", "auths_user"."last_hierarchy_id", "auths_user"."last_module_id", "auths_user"."person_id", "auths_user"."updated_at", "auths_user"."registered_by", "oauth2_provider_application"."id", "oauth2_provider_application"."client_id", "oauth2_provider_application"."user_id", "oauth2_provider_application"."redirect_uris", "oauth2_provider_application"."client_type", "oauth2_provider_application"."authorization_grant_type", "oauth2_provider_application"."client_secret", "oauth2_provider_application"."name", "oauth2_provider_application"."skip_authorization" FROM "oauth2_provider_accesstoken" LEFT OUTER JOIN "auths_user" ON ("oauth2_provider_accesstoken"."user_id" = "auths_user"."id") INNER JOIN "oauth2_provider_application" ON ("oauth2_provider_accesstoken"."application_id" = "oauth2_provider_application"."id") WHERE "oauth2_provider_accesstoken"."token" = '3cvVfrIbbHI6orHWEvU7vQDt72Ucbg'; args=('3cvVfrIbbHI6orHWEvU7vQDt72Ucbg',)
[2016-12-02 03:04:44] DEBUG [django.db.backends:90] (0.001) SELECT "oauth2_provider_accesstoken"."id", "oauth2_provider_accesstoken"."user_id", "oauth2_provider_accesstoken"."token", "oauth2_provider_accesstoken"."application_id", "oauth2_provider_accesstoken"."expires", "oauth2_provider_accesstoken"."scope", "auths_user"."password", "auths_user"."last_login", "auths_user"."is_superuser", "auths_user"."username", "auths_user"."first_name", "auths_user"."last_name", "auths_user"."email", "auths_user"."is_staff", "auths_user"."is_active", "auths_user"."date_joined", "auths_user"."id", "auths_user"."last_hierarchy_id", "auths_user"."last_module_id", "auths_user"."person_id", "auths_user"."updated_at", "auths_user"."registered_by", "oauth2_provider_application"."id", "oauth2_provider_application"."client_id", "oauth2_provider_application"."user_id", "oauth2_provider_application"."redirect_uris", "oauth2_provider_application"."client_type", "oauth2_provider_application"."authorization_grant_type", "oauth2_provider_application"."client_secret", "oauth2_provider_application"."name", "oauth2_provider_application"."skip_authorization" FROM "oauth2_provider_accesstoken" LEFT OUTER JOIN "auths_user" ON ("oauth2_provider_accesstoken"."user_id" = "auths_user"."id") INNER JOIN "oauth2_provider_application" ON ("oauth2_provider_accesstoken"."application_id" = "oauth2_provider_application"."id") WHERE "oauth2_provider_accesstoken"."token" = '3cvVfrIbbHI6orHWEvU7vQDt72Ucbg'; args=('3cvVfrIbbHI6orHWEvU7vQDt72Ucbg',)
[2016-12-02 03:04:44] DEBUG [django.db.backends:90] (0.000) SELECT "auth_group"."id", "auth_group"."name" FROM "auth_group" INNER JOIN "auths_user_groups" ON ("auth_group"."id" = "auths_user_groups"."group_id") WHERE "auths_user_groups"."user_id" = '01e659bc77a5436f9fc859d23a77e6aa'; args=('01e659bc77a5436f9fc859d23a77e6aa',)
[2016-12-02 03:04:44] DEBUG [django.db.backends:90] (0.008) SELECT "auths_menu"."id" FROM "auths_menu" WHERE ("auths_menu"."id" IS NOT NULL AND "auths_menu"."module" = 'BACKEND' AND "auths_menu"."is_active" = 1) ORDER BY "auths_menu"."pos" ASC; args=('BACKEND', True)
[2016-12-02 03:04:44] DEBUG [django.db.backends:90] (0.002) SELECT "auth_permission"."id", "auth_permission"."name", "auth_permission"."content_type_id", "auth_permission"."codename" FROM "auth_permission" INNER JOIN "auths_user_user_permissions" ON ("auth_permission"."id" = "auths_user_user_permissions"."permission_id") INNER JOIN "django_content_type" ON ("auth_permission"."content_type_id" = "django_content_type"."id") WHERE "auths_user_user_permissions"."user_id" = '01e659bc77a5436f9fc859d23a77e6aa' ORDER BY "django_content_type"."app_label" ASC, "django_content_type"."model" ASC, "auth_permission"."codename" ASC; args=('01e659bc77a5436f9fc859d23a77e6aa',)
[2016-12-02 03:04:44] INFO [django.server:131] "GET /api/auths/localuserinfo/ HTTP/1.1" 200 405
[2016-12-02 03:04:44] DEBUG [django.db.backends:90] (0.000) SELECT (1) AS "a" FROM "django_session" WHERE "django_session"."session_key" = '9b1tr2mnzogngg7o0elq2zbvsw0qjdxr' LIMIT 1; args=('9b1tr2mnzogngg7o0elq2zbvsw0qjdxr',)
[2016-12-02 03:04:44] DEBUG [django.db.backends:90] (0.000) BEGIN; args=None
[2016-12-02 03:04:44] DEBUG [django.db.backends:90] (0.028) INSERT INTO "django_session" ("session_key", "session_data", "expire_date") SELECT '9b1tr2mnzogngg7o0elq2zbvsw0qjdxr', 'ZWMyMmE2MTA1MzM3NDcxZTRmYzk5YzliZTNiYjg2ZTZkMjFlMTc0NTp7Il9zZXNzaW9uX2V4cGlyeSI6MzB9', '2016-12-02 03:05:14.622387'; args=('9b1tr2mnzogngg7o0elq2zbvsw0qjdxr', 'ZWMyMmE2MTA1MzM3NDcxZTRmYzk5YzliZTNiYjg2ZTZkMjFlMTc0NTp7Il9zZXNzaW9uX2V4cGlyeSI6MzB9', '2016-12-02 03:05:14.622387')
[2016-12-02 03:04:45] INFO [django.server:131] "GET /api/auths/usermenu/ HTTP/1.1" 200 11
[2016-12-02 03:04:52] INFO [django.server:131] "OPTIONS /api/topico2/departamentos/ HTTP/1.1" 200 0
[2016-12-02 03:04:53] DEBUG [django.db.backends:90] (0.002) SELECT "oauth2_provider_accesstoken"."id", "oauth2_provider_accesstoken"."user_id", "oauth2_provider_accesstoken"."token", "oauth2_provider_accesstoken"."application_id", "oauth2_provider_accesstoken"."expires", "oauth2_provider_accesstoken"."scope", "auths_user"."password", "auths_user"."last_login", "auths_user"."is_superuser", "auths_user"."username", "auths_user"."first_name", "auths_user"."last_name", "auths_user"."email", "auths_user"."is_staff", "auths_user"."is_active", "auths_user"."date_joined", "auths_user"."id", "auths_user"."last_hierarchy_id", "auths_user"."last_module_id", "auths_user"."person_id", "auths_user"."updated_at", "auths_user"."registered_by", "oauth2_provider_application"."id", "oauth2_provider_application"."client_id", "oauth2_provider_application"."user_id", "oauth2_provider_application"."redirect_uris", "oauth2_provider_application"."client_type", "oauth2_provider_application"."authorization_grant_type", "oauth2_provider_application"."client_secret", "oauth2_provider_application"."name", "oauth2_provider_application"."skip_authorization" FROM "oauth2_provider_accesstoken" LEFT OUTER JOIN "auths_user" ON ("oauth2_provider_accesstoken"."user_id" = "auths_user"."id") INNER JOIN "oauth2_provider_application" ON ("oauth2_provider_accesstoken"."application_id" = "oauth2_provider_application"."id") WHERE "oauth2_provider_accesstoken"."token" = '3cvVfrIbbHI6orHWEvU7vQDt72Ucbg'; args=('3cvVfrIbbHI6orHWEvU7vQDt72Ucbg',)
[2016-12-02 03:04:53] DEBUG [django.db.backends:90] (0.000) SELECT "oauth2_provider_accesstoken"."id", "oauth2_provider_accesstoken"."user_id", "oauth2_provider_accesstoken"."token", "oauth2_provider_accesstoken"."application_id", "oauth2_provider_accesstoken"."expires", "oauth2_provider_accesstoken"."scope", "auths_user"."password", "auths_user"."last_login", "auths_user"."is_superuser", "auths_user"."username", "auths_user"."first_name", "auths_user"."last_name", "auths_user"."email", "auths_user"."is_staff", "auths_user"."is_active", "auths_user"."date_joined", "auths_user"."id", "auths_user"."last_hierarchy_id", "auths_user"."last_module_id", "auths_user"."person_id", "auths_user"."updated_at", "auths_user"."registered_by", "oauth2_provider_application"."id", "oauth2_provider_application"."client_id", "oauth2_provider_application"."user_id", "oauth2_provider_application"."redirect_uris", "oauth2_provider_application"."client_type", "oauth2_provider_application"."authorization_grant_type", "oauth2_provider_application"."client_secret", "oauth2_provider_application"."name", "oauth2_provider_application"."skip_authorization" FROM "oauth2_provider_accesstoken" LEFT OUTER JOIN "auths_user" ON ("oauth2_provider_accesstoken"."user_id" = "auths_user"."id") INNER JOIN "oauth2_provider_application" ON ("oauth2_provider_accesstoken"."application_id" = "oauth2_provider_application"."id") WHERE "oauth2_provider_accesstoken"."token" = '3cvVfrIbbHI6orHWEvU7vQDt72Ucbg'; args=('3cvVfrIbbHI6orHWEvU7vQDt72Ucbg',)
[2016-12-02 03:04:53] DEBUG [django.db.backends:90] (0.000) SELECT "topico2_departamento"."id", "topico2_departamento"."codigo", "topico2_departamento"."nombre" FROM "topico2_departamento"; args=()
[2016-12-02 03:04:53] INFO [django.server:131] "GET /api/topico2/departamentos/ HTTP/1.1" 200 81
